ARM GAS  C:\Users\yguan5\AppData\Local\Temp\ccKqGE5k.s 			page 1


   1              		.syntax unified
   2              		.cpu cortex-m3
   3              		.fpu softvfp
   4              		.eabi_attribute 20, 1
   5              		.eabi_attribute 21, 1
   6              		.eabi_attribute 23, 3
   7              		.eabi_attribute 24, 1
   8              		.eabi_attribute 25, 1
   9              		.eabi_attribute 26, 1
  10              		.eabi_attribute 30, 6
  11              		.eabi_attribute 18, 4
  12              		.thumb
  13              		.file	"CapSense_CSD_PM.c"
  14              		.section	.debug_abbrev,"",%progbits
  15              	.Ldebug_abbrev0:
  16              		.section	.debug_info,"",%progbits
  17              	.Ldebug_info0:
  18              		.section	.debug_line,"",%progbits
  19              	.Ldebug_line0:
  20 0000 D7000000 		.text
  20      02007A00 
  20      00000201 
  20      FB0E0D00 
  20      01010101 
  21              	.Ltext0:
  22              		.cfi_sections	.debug_frame
  23              		.global	CapSense_CSD_backup
  24              		.bss
  25              		.align	2
  26              		.type	CapSense_CSD_backup, %object
  27              		.size	CapSense_CSD_backup, 2
  28              	CapSense_CSD_backup:
  29 0000 0000     		.space	2
  30 0002 0000     		.section	.text.CapSense_CSD_SaveConfig,"ax",%progbits
  31              		.align	2
  32              		.global	CapSense_CSD_SaveConfig
  33              		.thumb
  34              		.thumb_func
  35              		.type	CapSense_CSD_SaveConfig, %function
  36              	CapSense_CSD_SaveConfig:
  37              	.LFB0:
  38              		.file 1 ".\\Generated_Source\\PSoC5\\CapSense_CSD_PM.c"
   1:.\Generated_Source\PSoC5/CapSense_CSD_PM.c **** /*******************************************************************************
   2:.\Generated_Source\PSoC5/CapSense_CSD_PM.c **** * File Name: CapSense_CSD_PM.c
   3:.\Generated_Source\PSoC5/CapSense_CSD_PM.c **** * Version 3.30
   4:.\Generated_Source\PSoC5/CapSense_CSD_PM.c **** *
   5:.\Generated_Source\PSoC5/CapSense_CSD_PM.c **** * Description:
   6:.\Generated_Source\PSoC5/CapSense_CSD_PM.c **** *  This file provides Sleep APIs for CapSense CSD Component.
   7:.\Generated_Source\PSoC5/CapSense_CSD_PM.c **** *
   8:.\Generated_Source\PSoC5/CapSense_CSD_PM.c **** * Note:
   9:.\Generated_Source\PSoC5/CapSense_CSD_PM.c **** *
  10:.\Generated_Source\PSoC5/CapSense_CSD_PM.c **** ********************************************************************************
  11:.\Generated_Source\PSoC5/CapSense_CSD_PM.c **** * Copyright 2008-2012, Cypress Semiconductor Corporation.  All rights reserved.
  12:.\Generated_Source\PSoC5/CapSense_CSD_PM.c **** * You may use this file only in accordance with the license, terms, conditions, 
  13:.\Generated_Source\PSoC5/CapSense_CSD_PM.c **** * disclaimers, and limitations in the end user license agreement accompanying 
  14:.\Generated_Source\PSoC5/CapSense_CSD_PM.c **** * the software package with which this file was provided.
  15:.\Generated_Source\PSoC5/CapSense_CSD_PM.c **** *******************************************************************************/
ARM GAS  C:\Users\yguan5\AppData\Local\Temp\ccKqGE5k.s 			page 2


  16:.\Generated_Source\PSoC5/CapSense_CSD_PM.c **** 
  17:.\Generated_Source\PSoC5/CapSense_CSD_PM.c **** #include "CapSense_CSD.h"
  18:.\Generated_Source\PSoC5/CapSense_CSD_PM.c **** 
  19:.\Generated_Source\PSoC5/CapSense_CSD_PM.c **** CapSense_CSD_BACKUP_STRUCT CapSense_CSD_backup =
  20:.\Generated_Source\PSoC5/CapSense_CSD_PM.c **** {   
  21:.\Generated_Source\PSoC5/CapSense_CSD_PM.c ****     0x00u, /* enableState; */
  22:.\Generated_Source\PSoC5/CapSense_CSD_PM.c ****     /* Set ScanSpeed */
  23:.\Generated_Source\PSoC5/CapSense_CSD_PM.c ****     #if (CY_PSOC5A)
  24:.\Generated_Source\PSoC5/CapSense_CSD_PM.c ****         CapSense_CSD_SCANSPEED_VALUE,  /* scan speed value */
  25:.\Generated_Source\PSoC5/CapSense_CSD_PM.c ****     #endif  /* (CY_PSOC5A) */
  26:.\Generated_Source\PSoC5/CapSense_CSD_PM.c **** };
  27:.\Generated_Source\PSoC5/CapSense_CSD_PM.c **** 
  28:.\Generated_Source\PSoC5/CapSense_CSD_PM.c **** 
  29:.\Generated_Source\PSoC5/CapSense_CSD_PM.c **** /*******************************************************************************
  30:.\Generated_Source\PSoC5/CapSense_CSD_PM.c **** * Function Name: CapSense_CSD_SaveConfig
  31:.\Generated_Source\PSoC5/CapSense_CSD_PM.c **** ********************************************************************************
  32:.\Generated_Source\PSoC5/CapSense_CSD_PM.c **** *
  33:.\Generated_Source\PSoC5/CapSense_CSD_PM.c **** * Summary:
  34:.\Generated_Source\PSoC5/CapSense_CSD_PM.c **** *  Saves customer configuration of CapSense none-retention registers. Resets 
  35:.\Generated_Source\PSoC5/CapSense_CSD_PM.c **** *  all sensors to an inactive state.
  36:.\Generated_Source\PSoC5/CapSense_CSD_PM.c **** *
  37:.\Generated_Source\PSoC5/CapSense_CSD_PM.c **** * Parameters:
  38:.\Generated_Source\PSoC5/CapSense_CSD_PM.c **** *  None
  39:.\Generated_Source\PSoC5/CapSense_CSD_PM.c **** *
  40:.\Generated_Source\PSoC5/CapSense_CSD_PM.c **** * Return:
  41:.\Generated_Source\PSoC5/CapSense_CSD_PM.c **** *  None
  42:.\Generated_Source\PSoC5/CapSense_CSD_PM.c **** *
  43:.\Generated_Source\PSoC5/CapSense_CSD_PM.c **** * Global Variables:
  44:.\Generated_Source\PSoC5/CapSense_CSD_PM.c **** *  CapSense_CSD_backup - used to save component state before enter sleep 
  45:.\Generated_Source\PSoC5/CapSense_CSD_PM.c **** *  mode and none-retention registers.
  46:.\Generated_Source\PSoC5/CapSense_CSD_PM.c **** *
  47:.\Generated_Source\PSoC5/CapSense_CSD_PM.c **** * Reentrant:
  48:.\Generated_Source\PSoC5/CapSense_CSD_PM.c **** *  No - for PSoC5 ES1 silicon, Yes - for PSoC3 ES3.
  49:.\Generated_Source\PSoC5/CapSense_CSD_PM.c **** *
  50:.\Generated_Source\PSoC5/CapSense_CSD_PM.c **** *******************************************************************************/
  51:.\Generated_Source\PSoC5/CapSense_CSD_PM.c **** void CapSense_CSD_SaveConfig(void) 
  52:.\Generated_Source\PSoC5/CapSense_CSD_PM.c **** {    
  39              		.loc 1 52 0
  40              		.cfi_startproc
  41              		@ args = 0, pretend = 0, frame = 0
  42              		@ frame_needed = 1, uses_anonymous_args = 0
  43 0000 80B5     		push	{r7, lr}
  44              	.LCFI0:
  45              		.cfi_def_cfa_offset 8
  46 0002 00AF     		add	r7, sp, #0
  47              		.cfi_offset 14, -4
  48              		.cfi_offset 7, -8
  49              	.LCFI1:
  50              		.cfi_def_cfa_register 7
  53:.\Generated_Source\PSoC5/CapSense_CSD_PM.c ****     /* Set ScanSpeed */
  54:.\Generated_Source\PSoC5/CapSense_CSD_PM.c ****     #if (CY_PSOC5A)
  55:.\Generated_Source\PSoC5/CapSense_CSD_PM.c ****         CapSense_CSD_backup.scanspeed = CapSense_CSD_SCANSPEED_PERIOD_REG;
  56:.\Generated_Source\PSoC5/CapSense_CSD_PM.c ****     #endif  /* (CY_PSOC5A) */
  57:.\Generated_Source\PSoC5/CapSense_CSD_PM.c **** 
  58:.\Generated_Source\PSoC5/CapSense_CSD_PM.c ****     /* Set CONTROL_REG */
  59:.\Generated_Source\PSoC5/CapSense_CSD_PM.c ****     CapSense_CSD_backup.ctrlreg = CapSense_CSD_CONTROL_REG;
  51              		.loc 1 59 0
ARM GAS  C:\Users\yguan5\AppData\Local\Temp\ccKqGE5k.s 			page 3


  52 0004 46F27743 		movw	r3, #:lower16:1073767543
  53 0008 C4F20003 		movt	r3, #:upper16:1073767543
  54 000c 1B78     		ldrb	r3, [r3, #0]
  55 000e DAB2     		uxtb	r2, r3
  56 0010 40F20003 		movw	r3, #:lower16:CapSense_CSD_backup
  57 0014 C0F20003 		movt	r3, #:upper16:CapSense_CSD_backup
  58 0018 5A70     		strb	r2, [r3, #1]
  60:.\Generated_Source\PSoC5/CapSense_CSD_PM.c **** 
  61:.\Generated_Source\PSoC5/CapSense_CSD_PM.c ****     /* Clear all sensors */
  62:.\Generated_Source\PSoC5/CapSense_CSD_PM.c ****     CapSense_CSD_ClearSensors();
  59              		.loc 1 62 0
  60 001a FFF7FEFF 		bl	CapSense_CSD_ClearSensors
  63:.\Generated_Source\PSoC5/CapSense_CSD_PM.c ****     
  64:.\Generated_Source\PSoC5/CapSense_CSD_PM.c ****     /* The pins disable is customer concern: Cmod and Rb */
  65:.\Generated_Source\PSoC5/CapSense_CSD_PM.c **** }
  61              		.loc 1 65 0
  62 001e 80BD     		pop	{r7, pc}
  63              		.cfi_endproc
  64              	.LFE0:
  65              		.size	CapSense_CSD_SaveConfig, .-CapSense_CSD_SaveConfig
  66              		.section	.text.CapSense_CSD_Sleep,"ax",%progbits
  67              		.align	2
  68              		.global	CapSense_CSD_Sleep
  69              		.thumb
  70              		.thumb_func
  71              		.type	CapSense_CSD_Sleep, %function
  72              	CapSense_CSD_Sleep:
  73              	.LFB1:
  66:.\Generated_Source\PSoC5/CapSense_CSD_PM.c **** 
  67:.\Generated_Source\PSoC5/CapSense_CSD_PM.c **** 
  68:.\Generated_Source\PSoC5/CapSense_CSD_PM.c **** /*******************************************************************************
  69:.\Generated_Source\PSoC5/CapSense_CSD_PM.c **** * Function Name: CapSense_CSD_Sleep
  70:.\Generated_Source\PSoC5/CapSense_CSD_PM.c **** ********************************************************************************
  71:.\Generated_Source\PSoC5/CapSense_CSD_PM.c **** *
  72:.\Generated_Source\PSoC5/CapSense_CSD_PM.c **** * Summary:
  73:.\Generated_Source\PSoC5/CapSense_CSD_PM.c **** *  Disables Active mode power template bits for number of component used within 
  74:.\Generated_Source\PSoC5/CapSense_CSD_PM.c **** *  CapSense. Calls CapSense_CSD_SaveConfig() function to save customer 
  75:.\Generated_Source\PSoC5/CapSense_CSD_PM.c **** *  configuration of CapSense none-retention registers and resets all sensors 
  76:.\Generated_Source\PSoC5/CapSense_CSD_PM.c **** *  to an inactive state.
  77:.\Generated_Source\PSoC5/CapSense_CSD_PM.c **** *
  78:.\Generated_Source\PSoC5/CapSense_CSD_PM.c **** * Parameters:
  79:.\Generated_Source\PSoC5/CapSense_CSD_PM.c **** *  None
  80:.\Generated_Source\PSoC5/CapSense_CSD_PM.c **** *
  81:.\Generated_Source\PSoC5/CapSense_CSD_PM.c **** * Return:
  82:.\Generated_Source\PSoC5/CapSense_CSD_PM.c **** *  None
  83:.\Generated_Source\PSoC5/CapSense_CSD_PM.c **** *
  84:.\Generated_Source\PSoC5/CapSense_CSD_PM.c **** * Global Variables:
  85:.\Generated_Source\PSoC5/CapSense_CSD_PM.c **** *  CapSense_CSD_backup - used to save component state before enter sleep 
  86:.\Generated_Source\PSoC5/CapSense_CSD_PM.c **** *  mode and none-retention registers.
  87:.\Generated_Source\PSoC5/CapSense_CSD_PM.c **** *
  88:.\Generated_Source\PSoC5/CapSense_CSD_PM.c **** * Reentrant:
  89:.\Generated_Source\PSoC5/CapSense_CSD_PM.c **** *  No
  90:.\Generated_Source\PSoC5/CapSense_CSD_PM.c **** *
  91:.\Generated_Source\PSoC5/CapSense_CSD_PM.c **** *******************************************************************************/
  92:.\Generated_Source\PSoC5/CapSense_CSD_PM.c **** void CapSense_CSD_Sleep(void) 
  93:.\Generated_Source\PSoC5/CapSense_CSD_PM.c **** {
  74              		.loc 1 93 0
ARM GAS  C:\Users\yguan5\AppData\Local\Temp\ccKqGE5k.s 			page 4


  75              		.cfi_startproc
  76              		@ args = 0, pretend = 0, frame = 0
  77              		@ frame_needed = 1, uses_anonymous_args = 0
  78 0000 80B5     		push	{r7, lr}
  79              	.LCFI2:
  80              		.cfi_def_cfa_offset 8
  81 0002 00AF     		add	r7, sp, #0
  82              		.cfi_offset 14, -4
  83              		.cfi_offset 7, -8
  84              	.LCFI3:
  85              		.cfi_def_cfa_register 7
  94:.\Generated_Source\PSoC5/CapSense_CSD_PM.c ****     /* Check and save enable state */
  95:.\Generated_Source\PSoC5/CapSense_CSD_PM.c ****     if(CapSense_CSD_IS_CAPSENSE_ENABLE(CapSense_CSD_CONTROL_REG))
  86              		.loc 1 95 0
  87 0004 46F27743 		movw	r3, #:lower16:1073767543
  88 0008 C4F20003 		movt	r3, #:upper16:1073767543
  89 000c 1B78     		ldrb	r3, [r3, #0]
  90 000e DBB2     		uxtb	r3, r3
  91 0010 5BB2     		sxtb	r3, r3
  92 0012 002B     		cmp	r3, #0
  93 0014 09DA     		bge	.L4
  96:.\Generated_Source\PSoC5/CapSense_CSD_PM.c ****     {
  97:.\Generated_Source\PSoC5/CapSense_CSD_PM.c ****         CapSense_CSD_backup.enableState = 1u;
  94              		.loc 1 97 0
  95 0016 40F20003 		movw	r3, #:lower16:CapSense_CSD_backup
  96 001a C0F20003 		movt	r3, #:upper16:CapSense_CSD_backup
  97 001e 4FF00102 		mov	r2, #1
  98 0022 1A70     		strb	r2, [r3, #0]
  98:.\Generated_Source\PSoC5/CapSense_CSD_PM.c ****         CapSense_CSD_Stop();
  99              		.loc 1 98 0
 100 0024 FFF7FEFF 		bl	CapSense_CSD_Stop
 101 0028 06E0     		b	.L5
 102              	.L4:
  99:.\Generated_Source\PSoC5/CapSense_CSD_PM.c ****     }
 100:.\Generated_Source\PSoC5/CapSense_CSD_PM.c ****     else
 101:.\Generated_Source\PSoC5/CapSense_CSD_PM.c ****     {
 102:.\Generated_Source\PSoC5/CapSense_CSD_PM.c ****         CapSense_CSD_backup.enableState = 0u;
 103              		.loc 1 102 0
 104 002a 40F20003 		movw	r3, #:lower16:CapSense_CSD_backup
 105 002e C0F20003 		movt	r3, #:upper16:CapSense_CSD_backup
 106 0032 4FF00002 		mov	r2, #0
 107 0036 1A70     		strb	r2, [r3, #0]
 108              	.L5:
 103:.\Generated_Source\PSoC5/CapSense_CSD_PM.c ****     }
 104:.\Generated_Source\PSoC5/CapSense_CSD_PM.c ****     
 105:.\Generated_Source\PSoC5/CapSense_CSD_PM.c ****     CapSense_CSD_SaveConfig();
 109              		.loc 1 105 0
 110 0038 FFF7FEFF 		bl	CapSense_CSD_SaveConfig
 106:.\Generated_Source\PSoC5/CapSense_CSD_PM.c **** }
 111              		.loc 1 106 0
 112 003c 80BD     		pop	{r7, pc}
 113              		.cfi_endproc
 114              	.LFE1:
 115              		.size	CapSense_CSD_Sleep, .-CapSense_CSD_Sleep
 116 003e 00BF     		.section	.text.CapSense_CSD_RestoreConfig,"ax",%progbits
 117              		.align	2
 118              		.global	CapSense_CSD_RestoreConfig
ARM GAS  C:\Users\yguan5\AppData\Local\Temp\ccKqGE5k.s 			page 5


 119              		.thumb
 120              		.thumb_func
 121              		.type	CapSense_CSD_RestoreConfig, %function
 122              	CapSense_CSD_RestoreConfig:
 123              	.LFB2:
 107:.\Generated_Source\PSoC5/CapSense_CSD_PM.c **** 
 108:.\Generated_Source\PSoC5/CapSense_CSD_PM.c **** 
 109:.\Generated_Source\PSoC5/CapSense_CSD_PM.c **** /*******************************************************************************
 110:.\Generated_Source\PSoC5/CapSense_CSD_PM.c **** * Function Name: CapSense_CSD_RestoreConfig
 111:.\Generated_Source\PSoC5/CapSense_CSD_PM.c **** ********************************************************************************
 112:.\Generated_Source\PSoC5/CapSense_CSD_PM.c **** *
 113:.\Generated_Source\PSoC5/CapSense_CSD_PM.c **** * Summary:
 114:.\Generated_Source\PSoC5/CapSense_CSD_PM.c **** *  Restores CapSense configuration and non-retention register values.
 115:.\Generated_Source\PSoC5/CapSense_CSD_PM.c **** *
 116:.\Generated_Source\PSoC5/CapSense_CSD_PM.c **** * Parameters:
 117:.\Generated_Source\PSoC5/CapSense_CSD_PM.c **** *  None
 118:.\Generated_Source\PSoC5/CapSense_CSD_PM.c **** *
 119:.\Generated_Source\PSoC5/CapSense_CSD_PM.c **** * Return:
 120:.\Generated_Source\PSoC5/CapSense_CSD_PM.c **** *  None
 121:.\Generated_Source\PSoC5/CapSense_CSD_PM.c **** *
 122:.\Generated_Source\PSoC5/CapSense_CSD_PM.c **** * Side Effects:
 123:.\Generated_Source\PSoC5/CapSense_CSD_PM.c **** *  Must be called only after CapSense_CSD_SaveConfig() routine. Otherwise 
 124:.\Generated_Source\PSoC5/CapSense_CSD_PM.c **** *  the component configuration will be overwritten with its initial setting.  
 125:.\Generated_Source\PSoC5/CapSense_CSD_PM.c **** *
 126:.\Generated_Source\PSoC5/CapSense_CSD_PM.c **** * Global Variables:
 127:.\Generated_Source\PSoC5/CapSense_CSD_PM.c **** *  CapSense_CSD_backup - used to save component state before enter sleep 
 128:.\Generated_Source\PSoC5/CapSense_CSD_PM.c **** *  mode and none-retention registers.
 129:.\Generated_Source\PSoC5/CapSense_CSD_PM.c **** *
 130:.\Generated_Source\PSoC5/CapSense_CSD_PM.c **** *******************************************************************************/
 131:.\Generated_Source\PSoC5/CapSense_CSD_PM.c **** void CapSense_CSD_RestoreConfig(void) 
 132:.\Generated_Source\PSoC5/CapSense_CSD_PM.c **** {   
 124              		.loc 1 132 0
 125              		.cfi_startproc
 126              		@ args = 0, pretend = 0, frame = 0
 127              		@ frame_needed = 1, uses_anonymous_args = 0
 128              		@ link register save eliminated.
 129 0000 80B4     		push	{r7}
 130              	.LCFI4:
 131              		.cfi_def_cfa_offset 4
 132 0002 00AF     		add	r7, sp, #0
 133              		.cfi_offset 7, -4
 134              	.LCFI5:
 135              		.cfi_def_cfa_register 7
 133:.\Generated_Source\PSoC5/CapSense_CSD_PM.c ****     #if ( ((CapSense_CSD_PRS_OPTIONS) || \
 134:.\Generated_Source\PSoC5/CapSense_CSD_PM.c ****            (CapSense_CSD_IMPLEMENTATION_CH0 == CapSense_CSD_MEASURE_IMPLEMENTATION_UDB) || \
 135:.\Generated_Source\PSoC5/CapSense_CSD_PM.c ****            ( (CapSense_CSD_DESIGN_TYPE == CapSense_CSD_TWO_CHANNELS_DESIGN) && \
 136:.\Generated_Source\PSoC5/CapSense_CSD_PM.c ****              (CapSense_CSD_IMPLEMENTATION_CH1 == CapSense_CSD_MEASURE_IMPLEMENTATION_UDB))) && \
 137:.\Generated_Source\PSoC5/CapSense_CSD_PM.c ****           (CY_PSOC5A) )
 138:.\Generated_Source\PSoC5/CapSense_CSD_PM.c ****         
 139:.\Generated_Source\PSoC5/CapSense_CSD_PM.c ****         uint8 enableInterrupts;
 140:.\Generated_Source\PSoC5/CapSense_CSD_PM.c ****     #endif /* ( ((CapSense_CSD_PRS_OPTIONS) || \
 141:.\Generated_Source\PSoC5/CapSense_CSD_PM.c ****            *     (CapSense_CSD_IMPLEMENTATION_CH0 == CapSense_CSD_MEASURE_IMPLEMENTATION_UDB) || \
 142:.\Generated_Source\PSoC5/CapSense_CSD_PM.c ****            *   ( (CapSense_CSD_DESIGN_TYPE == CapSense_CSD_TWO_CHANNELS_DESIGN) && \
 143:.\Generated_Source\PSoC5/CapSense_CSD_PM.c ****            *     (CapSense_CSD_IMPLEMENTATION_CH1 == CapSense_CSD_MEASURE_IMPLEMENTATION_UDB))) && 
 144:.\Generated_Source\PSoC5/CapSense_CSD_PM.c ****            *     (CY_PSOC5A) )
 145:.\Generated_Source\PSoC5/CapSense_CSD_PM.c ****            */
 146:.\Generated_Source\PSoC5/CapSense_CSD_PM.c ****     
ARM GAS  C:\Users\yguan5\AppData\Local\Temp\ccKqGE5k.s 			page 6


 147:.\Generated_Source\PSoC5/CapSense_CSD_PM.c ****     /* Set PRS */
 148:.\Generated_Source\PSoC5/CapSense_CSD_PM.c ****     #if (CapSense_CSD_PRS_OPTIONS == CapSense_CSD_PRS_8BITS)
 149:.\Generated_Source\PSoC5/CapSense_CSD_PM.c ****         #if (CY_PSOC5A)
 150:.\Generated_Source\PSoC5/CapSense_CSD_PM.c ****             /* Aux control set FIFO as REG */ 
 151:.\Generated_Source\PSoC5/CapSense_CSD_PM.c ****             enableInterrupts = CyEnterCriticalSection();
 152:.\Generated_Source\PSoC5/CapSense_CSD_PM.c ****             CapSense_CSD_AUX_CONTROL_A_REG |= CapSense_CSD_AUXCTRL_FIFO_SINGLE_REG;
 153:.\Generated_Source\PSoC5/CapSense_CSD_PM.c ****             CyExitCriticalSection(enableInterrupts);
 154:.\Generated_Source\PSoC5/CapSense_CSD_PM.c ****             
 155:.\Generated_Source\PSoC5/CapSense_CSD_PM.c ****             /* Write polynomial */
 156:.\Generated_Source\PSoC5/CapSense_CSD_PM.c ****             CapSense_CSD_POLYNOM_REG   = CapSense_CSD_PRS8_DEFAULT_POLYNOM;             /* D0 regis
 157:.\Generated_Source\PSoC5/CapSense_CSD_PM.c ****         #endif  /* (CY_PSOC5A) */
 158:.\Generated_Source\PSoC5/CapSense_CSD_PM.c ****         
 159:.\Generated_Source\PSoC5/CapSense_CSD_PM.c ****         /* Write FIFO with seed */
 160:.\Generated_Source\PSoC5/CapSense_CSD_PM.c ****         CapSense_CSD_SEED_COPY_REG = CapSense_CSD_MEASURE_FULL_RANGE_LOW;               /* F0 regis
 161:.\Generated_Source\PSoC5/CapSense_CSD_PM.c ****     
 162:.\Generated_Source\PSoC5/CapSense_CSD_PM.c ****     #elif (CapSense_CSD_PRS_OPTIONS == CapSense_CSD_PRS_16BITS)
 163:.\Generated_Source\PSoC5/CapSense_CSD_PM.c ****         #if (CY_PSOC5A)
 164:.\Generated_Source\PSoC5/CapSense_CSD_PM.c ****             /* Aux control set FIFO as REG */
 165:.\Generated_Source\PSoC5/CapSense_CSD_PM.c ****             enableInterrupts = CyEnterCriticalSection();
 166:.\Generated_Source\PSoC5/CapSense_CSD_PM.c ****             CapSense_CSD_AUX_CONTROL_A_REG |= CapSense_CSD_AUXCTRL_FIFO_SINGLE_REG;
 167:.\Generated_Source\PSoC5/CapSense_CSD_PM.c ****             CapSense_CSD_AUX_CONTROL_B_REG |= CapSense_CSD_AUXCTRL_FIFO_SINGLE_REG;
 168:.\Generated_Source\PSoC5/CapSense_CSD_PM.c ****             CyExitCriticalSection(enableInterrupts);
 169:.\Generated_Source\PSoC5/CapSense_CSD_PM.c ****             
 170:.\Generated_Source\PSoC5/CapSense_CSD_PM.c ****             /* Write polynomial */
 171:.\Generated_Source\PSoC5/CapSense_CSD_PM.c ****             CY_SET_REG16(CapSense_CSD_POLYNOM_PTR, CapSense_CSD_PRS16_DEFAULT_POLYNOM); /* D0 regis
 172:.\Generated_Source\PSoC5/CapSense_CSD_PM.c ****         #endif  /* (CY_PSOC5A) */
 173:.\Generated_Source\PSoC5/CapSense_CSD_PM.c ****         
 174:.\Generated_Source\PSoC5/CapSense_CSD_PM.c ****         /* Write FIFO with seed */
 175:.\Generated_Source\PSoC5/CapSense_CSD_PM.c ****         CY_SET_REG16(CapSense_CSD_SEED_COPY_PTR, CapSense_CSD_MEASURE_FULL_RANGE);      /* F0 regis
 176:.\Generated_Source\PSoC5/CapSense_CSD_PM.c ****                 
 177:.\Generated_Source\PSoC5/CapSense_CSD_PM.c ****     #elif (CapSense_CSD_PRS_OPTIONS == CapSense_CSD_PRS_16BITS_4X)
 178:.\Generated_Source\PSoC5/CapSense_CSD_PM.c ****         #if (CY_PSOC5A)
 179:.\Generated_Source\PSoC5/CapSense_CSD_PM.c ****             /* Aux control set FIFO as REG */
 180:.\Generated_Source\PSoC5/CapSense_CSD_PM.c ****             enableInterrupts = CyEnterCriticalSection();
 181:.\Generated_Source\PSoC5/CapSense_CSD_PM.c ****             CapSense_CSD_AUX_CONTROL_A_REG  |= CapSense_CSD_AUXCTRL_FIFO_SINGLE_REG;
 182:.\Generated_Source\PSoC5/CapSense_CSD_PM.c ****             CyExitCriticalSection(enableInterrupts);
 183:.\Generated_Source\PSoC5/CapSense_CSD_PM.c ****             
 184:.\Generated_Source\PSoC5/CapSense_CSD_PM.c ****             /* Write polynomial */
 185:.\Generated_Source\PSoC5/CapSense_CSD_PM.c ****             CapSense_CSD_POLYNOM_A__D1_REG   = HI8(CapSense_CSD_PRS16_DEFAULT_POLYNOM); /* D0 regis
 186:.\Generated_Source\PSoC5/CapSense_CSD_PM.c ****             CapSense_CSD_POLYNOM_A__D0_REG   = LO8(CapSense_CSD_PRS16_DEFAULT_POLYNOM); /* D1 regis
 187:.\Generated_Source\PSoC5/CapSense_CSD_PM.c ****         #endif  /* (CY_PSOC5A) */
 188:.\Generated_Source\PSoC5/CapSense_CSD_PM.c ****         
 189:.\Generated_Source\PSoC5/CapSense_CSD_PM.c ****         /* Write FIFO with seed */
 190:.\Generated_Source\PSoC5/CapSense_CSD_PM.c ****         CapSense_CSD_SEED_COPY_A__F1_REG = CapSense_CSD_MEASURE_FULL_RANGE_LOW;         /* F0 regis
 191:.\Generated_Source\PSoC5/CapSense_CSD_PM.c ****         CapSense_CSD_SEED_COPY_A__F0_REG =CapSense_CSD_MEASURE_FULL_RANGE_LOW;          /* F1 regis
 192:.\Generated_Source\PSoC5/CapSense_CSD_PM.c ****         
 193:.\Generated_Source\PSoC5/CapSense_CSD_PM.c ****     #else
 194:.\Generated_Source\PSoC5/CapSense_CSD_PM.c ****         /* Do nothing = config without PRS */
 195:.\Generated_Source\PSoC5/CapSense_CSD_PM.c ****     #endif  /* (CapSense_CSD_PRS_OPTIONS == CapSense_CSD_PRS_8BITS) */
 196:.\Generated_Source\PSoC5/CapSense_CSD_PM.c ****     
 197:.\Generated_Source\PSoC5/CapSense_CSD_PM.c ****     #if (CY_PSOC5A)
 198:.\Generated_Source\PSoC5/CapSense_CSD_PM.c ****         /* Set ScanSpeed */
 199:.\Generated_Source\PSoC5/CapSense_CSD_PM.c ****         CapSense_CSD_SCANSPEED_PERIOD_REG = CapSense_CSD_backup.scanspeed;       /* Counter7_PERIOD
 200:.\Generated_Source\PSoC5/CapSense_CSD_PM.c ****     #endif  /* (CY_PSOC5A) */
 201:.\Generated_Source\PSoC5/CapSense_CSD_PM.c ****     
 202:.\Generated_Source\PSoC5/CapSense_CSD_PM.c ****     /* Set the Measure */
 203:.\Generated_Source\PSoC5/CapSense_CSD_PM.c ****     #if (CapSense_CSD_IMPLEMENTATION_CH0 == CapSense_CSD_MEASURE_IMPLEMENTATION_FF)
ARM GAS  C:\Users\yguan5\AppData\Local\Temp\ccKqGE5k.s 			page 7


 204:.\Generated_Source\PSoC5/CapSense_CSD_PM.c ****         /* Window PWM  - FF Timer register are retention */
 205:.\Generated_Source\PSoC5/CapSense_CSD_PM.c ****         /* Raw Counter - FF Timer register are retention */
 206:.\Generated_Source\PSoC5/CapSense_CSD_PM.c ****     #else
 207:.\Generated_Source\PSoC5/CapSense_CSD_PM.c ****         /* Window PWM and Raw Counter AUX and D0 set */ 
 208:.\Generated_Source\PSoC5/CapSense_CSD_PM.c ****         #if (CY_PSOC5A)
 209:.\Generated_Source\PSoC5/CapSense_CSD_PM.c ****             enableInterrupts = CyEnterCriticalSection();
 210:.\Generated_Source\PSoC5/CapSense_CSD_PM.c ****             CapSense_CSD_PWM_CH0_AUX_CONTROL_REG |= CapSense_CSD_AUXCTRL_FIFO_SINGLE_REG;   /* AUX 
 211:.\Generated_Source\PSoC5/CapSense_CSD_PM.c ****             CapSense_CSD_RAW_CH0_AUX_CONTROL_REG |= CapSense_CSD_AUXCTRL_FIFO_SINGLE_REG;   /* AUX 
 212:.\Generated_Source\PSoC5/CapSense_CSD_PM.c ****             CyExitCriticalSection(enableInterrupts);
 213:.\Generated_Source\PSoC5/CapSense_CSD_PM.c ****             
 214:.\Generated_Source\PSoC5/CapSense_CSD_PM.c ****             CapSense_CSD_PWM_CH0_ADD_VALUE_REG    = CapSense_CSD_MEASURE_FULL_RANGE_LOW;    /* D0 r
 215:.\Generated_Source\PSoC5/CapSense_CSD_PM.c ****             CapSense_CSD_RAW_CH0_ADD_VALUE_REG    = CapSense_CSD_MEASURE_FULL_RANGE_LOW;    /* D0 r
 216:.\Generated_Source\PSoC5/CapSense_CSD_PM.c ****             
 217:.\Generated_Source\PSoC5/CapSense_CSD_PM.c ****         #endif  /* (CY_PSOC5A) */
 218:.\Generated_Source\PSoC5/CapSense_CSD_PM.c ****         
 219:.\Generated_Source\PSoC5/CapSense_CSD_PM.c ****         /* Window PWM */
 220:.\Generated_Source\PSoC5/CapSense_CSD_PM.c ****         CapSense_CSD_PWM_CH0_PERIOD_LO_REG    = CapSense_CSD_MEASURE_FULL_RANGE_LOW;        /* F0 r
 136              		.loc 1 220 0
 137 0004 46F24753 		movw	r3, #:lower16:1073767751
 138 0008 C4F20003 		movt	r3, #:upper16:1073767751
 139 000c 4FF0FF32 		mov	r2, #-1
 140 0010 1A70     		strb	r2, [r3, #0]
 221:.\Generated_Source\PSoC5/CapSense_CSD_PM.c ****         
 222:.\Generated_Source\PSoC5/CapSense_CSD_PM.c ****         /* Raw Counter */
 223:.\Generated_Source\PSoC5/CapSense_CSD_PM.c ****         CapSense_CSD_RAW_CH0_PERIOD_HI_REG    = CapSense_CSD_MEASURE_FULL_RANGE_LOW;        /* F1 r
 141              		.loc 1 223 0
 142 0012 46F25343 		movw	r3, #:lower16:1073767507
 143 0016 C4F20003 		movt	r3, #:upper16:1073767507
 144 001a 4FF0FF32 		mov	r2, #-1
 145 001e 1A70     		strb	r2, [r3, #0]
 224:.\Generated_Source\PSoC5/CapSense_CSD_PM.c ****         CapSense_CSD_RAW_CH0_PERIOD_LO_REG    = CapSense_CSD_MEASURE_FULL_RANGE_LOW;        /* F0 r
 146              		.loc 1 224 0
 147 0020 46F24343 		movw	r3, #:lower16:1073767491
 148 0024 C4F20003 		movt	r3, #:upper16:1073767491
 149 0028 4FF0FF32 		mov	r2, #-1
 150 002c 1A70     		strb	r2, [r3, #0]
 225:.\Generated_Source\PSoC5/CapSense_CSD_PM.c ****     
 226:.\Generated_Source\PSoC5/CapSense_CSD_PM.c ****     #endif  /* (CapSense_CSD_IMPLEMENTATION_CH0 == CapSense_CSD_MEASURE_IMPLEMENTATION_FF) */ 
 227:.\Generated_Source\PSoC5/CapSense_CSD_PM.c ****     
 228:.\Generated_Source\PSoC5/CapSense_CSD_PM.c ****     #if (CapSense_CSD_DESIGN_TYPE == CapSense_CSD_TWO_CHANNELS_DESIGN)
 229:.\Generated_Source\PSoC5/CapSense_CSD_PM.c ****         #if (CapSense_CSD_IMPLEMENTATION_CH1 == CapSense_CSD_MEASURE_IMPLEMENTATION_FF)
 230:.\Generated_Source\PSoC5/CapSense_CSD_PM.c ****             /* Window PWM  - FF Timer register are retention */
 231:.\Generated_Source\PSoC5/CapSense_CSD_PM.c ****             /* Raw Counter - FF Timer register are retention */
 232:.\Generated_Source\PSoC5/CapSense_CSD_PM.c ****         #else
 233:.\Generated_Source\PSoC5/CapSense_CSD_PM.c ****             /* Window PWM and Raw Counter AUX and D0 set */ 
 234:.\Generated_Source\PSoC5/CapSense_CSD_PM.c ****             #if (CY_PSOC5A)
 235:.\Generated_Source\PSoC5/CapSense_CSD_PM.c ****                 enableInterrupts = CyEnterCriticalSection();
 236:.\Generated_Source\PSoC5/CapSense_CSD_PM.c ****                 CapSense_CSD_PWM_CH1_AUX_CONTROL_REG |= CapSense_CSD_AUXCTRL_FIFO_SINGLE_REG; /* AU
 237:.\Generated_Source\PSoC5/CapSense_CSD_PM.c ****                 CapSense_CSD_RAW_CH1_AUX_CONTROL_REG |= CapSense_CSD_AUXCTRL_FIFO_SINGLE_REG; /* AU
 238:.\Generated_Source\PSoC5/CapSense_CSD_PM.c ****                 CyExitCriticalSection(enableInterrupts);
 239:.\Generated_Source\PSoC5/CapSense_CSD_PM.c ****                 
 240:.\Generated_Source\PSoC5/CapSense_CSD_PM.c ****                 CapSense_CSD_RAW_CH1_ADD_VALUE_REG    = CapSense_CSD_MEASURE_FULL_RANGE_LOW;   /* D
 241:.\Generated_Source\PSoC5/CapSense_CSD_PM.c ****                 CapSense_CSD_PWM_CH1_ADD_VALUE_REG    = CapSense_CSD_MEASURE_FULL_RANGE_LOW;   /* D
 242:.\Generated_Source\PSoC5/CapSense_CSD_PM.c ****             #endif  /* (CY_PSOC5A) */
 243:.\Generated_Source\PSoC5/CapSense_CSD_PM.c ****             
 244:.\Generated_Source\PSoC5/CapSense_CSD_PM.c ****             /* Window PWM */
 245:.\Generated_Source\PSoC5/CapSense_CSD_PM.c ****             CapSense_CSD_PWM_CH1_PERIOD_LO_REG    = CapSense_CSD_MEASURE_FULL_RANGE_LOW;       /* F
ARM GAS  C:\Users\yguan5\AppData\Local\Temp\ccKqGE5k.s 			page 8


 246:.\Generated_Source\PSoC5/CapSense_CSD_PM.c ****             
 247:.\Generated_Source\PSoC5/CapSense_CSD_PM.c ****             /* Raw Counter */
 248:.\Generated_Source\PSoC5/CapSense_CSD_PM.c ****             CapSense_CSD_RAW_CH1_PERIOD_HI_REG    = CapSense_CSD_MEASURE_FULL_RANGE_LOW;       /* F
 249:.\Generated_Source\PSoC5/CapSense_CSD_PM.c ****             CapSense_CSD_RAW_CH1_PERIOD_LO_REG    = CapSense_CSD_MEASURE_FULL_RANGE_LOW;       /* F
 250:.\Generated_Source\PSoC5/CapSense_CSD_PM.c ****             
 251:.\Generated_Source\PSoC5/CapSense_CSD_PM.c ****         #endif  /* (CapSense_CSD_IMPLEMENTATION_CH1 == CapSense_CSD_MEASURE_IMPLEMENTATION_FF) */
 252:.\Generated_Source\PSoC5/CapSense_CSD_PM.c ****     
 253:.\Generated_Source\PSoC5/CapSense_CSD_PM.c ****     #endif  /* (CapSense_CSD_DESIGN_TYPE == TWO_CHANNELS_DESIGN)*/
 254:.\Generated_Source\PSoC5/CapSense_CSD_PM.c **** 
 255:.\Generated_Source\PSoC5/CapSense_CSD_PM.c ****     /* Set CONTROL_REG */
 256:.\Generated_Source\PSoC5/CapSense_CSD_PM.c ****     CapSense_CSD_CONTROL_REG = CapSense_CSD_backup.ctrlreg;
 151              		.loc 1 256 0
 152 002e 46F27743 		movw	r3, #:lower16:1073767543
 153 0032 C4F20003 		movt	r3, #:upper16:1073767543
 154 0036 40F20002 		movw	r2, #:lower16:CapSense_CSD_backup
 155 003a C0F20002 		movt	r2, #:upper16:CapSense_CSD_backup
 156 003e 5278     		ldrb	r2, [r2, #1]	@ zero_extendqisi2
 157 0040 1A70     		strb	r2, [r3, #0]
 257:.\Generated_Source\PSoC5/CapSense_CSD_PM.c **** 
 258:.\Generated_Source\PSoC5/CapSense_CSD_PM.c ****     /* Enable window generation */
 259:.\Generated_Source\PSoC5/CapSense_CSD_PM.c ****     CapSense_CSD_CONTROL_REG |= CapSense_CSD_CTRL_WINDOW_EN__CH0;
 158              		.loc 1 259 0
 159 0042 46F27743 		movw	r3, #:lower16:1073767543
 160 0046 C4F20003 		movt	r3, #:upper16:1073767543
 161 004a 46F27742 		movw	r2, #:lower16:1073767543
 162 004e C4F20002 		movt	r2, #:upper16:1073767543
 163 0052 1278     		ldrb	r2, [r2, #0]
 164 0054 D2B2     		uxtb	r2, r2
 165 0056 42F00402 		orr	r2, r2, #4
 166 005a D2B2     		uxtb	r2, r2
 167 005c 1A70     		strb	r2, [r3, #0]
 260:.\Generated_Source\PSoC5/CapSense_CSD_PM.c ****     #if (CapSense_CSD_DESIGN_TYPE == CapSense_CSD_TWO_CHANNELS_DESIGN) 
 261:.\Generated_Source\PSoC5/CapSense_CSD_PM.c ****         CapSense_CSD_CONTROL_REG |= CapSense_CSD_CTRL_WINDOW_EN__CH1; 
 262:.\Generated_Source\PSoC5/CapSense_CSD_PM.c ****     #endif  /* CapSense_CSD_DESIGN_TYPE */
 263:.\Generated_Source\PSoC5/CapSense_CSD_PM.c ****  
 264:.\Generated_Source\PSoC5/CapSense_CSD_PM.c ****     /* The pins enable are customer concern: Cmod and Rb */
 265:.\Generated_Source\PSoC5/CapSense_CSD_PM.c ****  }
 168              		.loc 1 265 0
 169 005e BD46     		mov	sp, r7
 170 0060 80BC     		pop	{r7}
 171 0062 7047     		bx	lr
 172              		.cfi_endproc
 173              	.LFE2:
 174              		.size	CapSense_CSD_RestoreConfig, .-CapSense_CSD_RestoreConfig
 175              		.section	.text.CapSense_CSD_Wakeup,"ax",%progbits
 176              		.align	2
 177              		.global	CapSense_CSD_Wakeup
 178              		.thumb
 179              		.thumb_func
 180              		.type	CapSense_CSD_Wakeup, %function
 181              	CapSense_CSD_Wakeup:
 182              	.LFB3:
 266:.\Generated_Source\PSoC5/CapSense_CSD_PM.c ****  
 267:.\Generated_Source\PSoC5/CapSense_CSD_PM.c **** 
 268:.\Generated_Source\PSoC5/CapSense_CSD_PM.c **** /*******************************************************************************
 269:.\Generated_Source\PSoC5/CapSense_CSD_PM.c **** * Function Name: CapSense_CSD_Wakeup
 270:.\Generated_Source\PSoC5/CapSense_CSD_PM.c **** ********************************************************************************
ARM GAS  C:\Users\yguan5\AppData\Local\Temp\ccKqGE5k.s 			page 9


 271:.\Generated_Source\PSoC5/CapSense_CSD_PM.c **** *
 272:.\Generated_Source\PSoC5/CapSense_CSD_PM.c **** * Summary:
 273:.\Generated_Source\PSoC5/CapSense_CSD_PM.c **** *  Restores CapSense configuration and non-retention register values. 
 274:.\Generated_Source\PSoC5/CapSense_CSD_PM.c **** *  Restores enabled state of component by setting Active mode power template 
 275:.\Generated_Source\PSoC5/CapSense_CSD_PM.c **** *  bits for number of component used within CapSense.
 276:.\Generated_Source\PSoC5/CapSense_CSD_PM.c **** *
 277:.\Generated_Source\PSoC5/CapSense_CSD_PM.c **** * Parameters:
 278:.\Generated_Source\PSoC5/CapSense_CSD_PM.c **** *  None
 279:.\Generated_Source\PSoC5/CapSense_CSD_PM.c **** *
 280:.\Generated_Source\PSoC5/CapSense_CSD_PM.c **** * Return:
 281:.\Generated_Source\PSoC5/CapSense_CSD_PM.c **** *  None
 282:.\Generated_Source\PSoC5/CapSense_CSD_PM.c **** *
 283:.\Generated_Source\PSoC5/CapSense_CSD_PM.c **** * Global Variables:
 284:.\Generated_Source\PSoC5/CapSense_CSD_PM.c **** *  CapSense_CSD_backup - used to save component state before enter sleep 
 285:.\Generated_Source\PSoC5/CapSense_CSD_PM.c **** *  mode and none-retention registers.
 286:.\Generated_Source\PSoC5/CapSense_CSD_PM.c **** *
 287:.\Generated_Source\PSoC5/CapSense_CSD_PM.c **** *******************************************************************************/
 288:.\Generated_Source\PSoC5/CapSense_CSD_PM.c **** void CapSense_CSD_Wakeup(void) 
 289:.\Generated_Source\PSoC5/CapSense_CSD_PM.c **** {
 183              		.loc 1 289 0
 184              		.cfi_startproc
 185              		@ args = 0, pretend = 0, frame = 0
 186              		@ frame_needed = 1, uses_anonymous_args = 0
 187 0000 80B5     		push	{r7, lr}
 188              	.LCFI6:
 189              		.cfi_def_cfa_offset 8
 190 0002 00AF     		add	r7, sp, #0
 191              		.cfi_offset 14, -4
 192              		.cfi_offset 7, -8
 193              	.LCFI7:
 194              		.cfi_def_cfa_register 7
 290:.\Generated_Source\PSoC5/CapSense_CSD_PM.c ****     CapSense_CSD_RestoreConfig();
 195              		.loc 1 290 0
 196 0004 FFF7FEFF 		bl	CapSense_CSD_RestoreConfig
 291:.\Generated_Source\PSoC5/CapSense_CSD_PM.c ****     
 292:.\Generated_Source\PSoC5/CapSense_CSD_PM.c ****     /* Restore CapSense Enable state */
 293:.\Generated_Source\PSoC5/CapSense_CSD_PM.c ****     if (CapSense_CSD_backup.enableState != 0u)
 197              		.loc 1 293 0
 198 0008 40F20003 		movw	r3, #:lower16:CapSense_CSD_backup
 199 000c C0F20003 		movt	r3, #:upper16:CapSense_CSD_backup
 200 0010 1B78     		ldrb	r3, [r3, #0]	@ zero_extendqisi2
 201 0012 002B     		cmp	r3, #0
 202 0014 01D0     		beq	.L11
 294:.\Generated_Source\PSoC5/CapSense_CSD_PM.c ****     {
 295:.\Generated_Source\PSoC5/CapSense_CSD_PM.c ****         CapSense_CSD_Enable();
 203              		.loc 1 295 0
 204 0016 FFF7FEFF 		bl	CapSense_CSD_Enable
 205              	.L11:
 296:.\Generated_Source\PSoC5/CapSense_CSD_PM.c ****     }
 297:.\Generated_Source\PSoC5/CapSense_CSD_PM.c **** }
 206              		.loc 1 297 0
 207 001a 80BD     		pop	{r7, pc}
 208              		.cfi_endproc
 209              	.LFE3:
 210              		.size	CapSense_CSD_Wakeup, .-CapSense_CSD_Wakeup
 211              		.text
 212              	.Letext0:
ARM GAS  C:\Users\yguan5\AppData\Local\Temp\ccKqGE5k.s 			page 10


 213              		.section	.debug_loc,"",%progbits
 214              	.Ldebug_loc0:
 215              	.LLST0:
 216 0000 00000000 		.4byte	.LFB0
 217 0004 02000000 		.4byte	.LCFI0
 218 0008 0100     		.2byte	0x1
 219 000a 5D       		.byte	0x5d
 220 000b 02000000 		.4byte	.LCFI0
 221 000f 04000000 		.4byte	.LCFI1
 222 0013 0200     		.2byte	0x2
 223 0015 7D       		.byte	0x7d
 224 0016 08       		.sleb128 8
 225 0017 04000000 		.4byte	.LCFI1
 226 001b 20000000 		.4byte	.LFE0
 227 001f 0200     		.2byte	0x2
 228 0021 77       		.byte	0x77
 229 0022 08       		.sleb128 8
 230 0023 00000000 		.4byte	0x0
 231 0027 00000000 		.4byte	0x0
 232              	.LLST1:
 233 002b 00000000 		.4byte	.LFB1
 234 002f 02000000 		.4byte	.LCFI2
 235 0033 0100     		.2byte	0x1
 236 0035 5D       		.byte	0x5d
 237 0036 02000000 		.4byte	.LCFI2
 238 003a 04000000 		.4byte	.LCFI3
 239 003e 0200     		.2byte	0x2
 240 0040 7D       		.byte	0x7d
 241 0041 08       		.sleb128 8
 242 0042 04000000 		.4byte	.LCFI3
 243 0046 3E000000 		.4byte	.LFE1
 244 004a 0200     		.2byte	0x2
 245 004c 77       		.byte	0x77
 246 004d 08       		.sleb128 8
 247 004e 00000000 		.4byte	0x0
 248 0052 00000000 		.4byte	0x0
 249              	.LLST2:
 250 0056 00000000 		.4byte	.LFB2
 251 005a 02000000 		.4byte	.LCFI4
 252 005e 0100     		.2byte	0x1
 253 0060 5D       		.byte	0x5d
 254 0061 02000000 		.4byte	.LCFI4
 255 0065 04000000 		.4byte	.LCFI5
 256 0069 0200     		.2byte	0x2
 257 006b 7D       		.byte	0x7d
 258 006c 04       		.sleb128 4
 259 006d 04000000 		.4byte	.LCFI5
 260 0071 64000000 		.4byte	.LFE2
 261 0075 0200     		.2byte	0x2
 262 0077 77       		.byte	0x77
 263 0078 04       		.sleb128 4
 264 0079 00000000 		.4byte	0x0
 265 007d 00000000 		.4byte	0x0
 266              	.LLST3:
 267 0081 00000000 		.4byte	.LFB3
 268 0085 02000000 		.4byte	.LCFI6
 269 0089 0100     		.2byte	0x1
ARM GAS  C:\Users\yguan5\AppData\Local\Temp\ccKqGE5k.s 			page 11


 270 008b 5D       		.byte	0x5d
 271 008c 02000000 		.4byte	.LCFI6
 272 0090 04000000 		.4byte	.LCFI7
 273 0094 0200     		.2byte	0x2
 274 0096 7D       		.byte	0x7d
 275 0097 08       		.sleb128 8
 276 0098 04000000 		.4byte	.LCFI7
 277 009c 1C000000 		.4byte	.LFE3
 278 00a0 0200     		.2byte	0x2
 279 00a2 77       		.byte	0x77
 280 00a3 08       		.sleb128 8
 281 00a4 00000000 		.4byte	0x0
 282 00a8 00000000 		.4byte	0x0
 283              		.file 2 ".\\Generated_Source\\PSoC5\\/CapSense_CSD.h"
 284              		.file 3 ".\\Generated_Source\\PSoC5\\/cytypes.h"
 285              		.section	.debug_info
 286 0000 2A010000 		.4byte	0x12a
 287 0004 0200     		.2byte	0x2
 288 0006 00000000 		.4byte	.Ldebug_abbrev0
 289 000a 04       		.byte	0x4
 290 000b 01       		.uleb128 0x1
 291 000c F5000000 		.4byte	.LASF20
 292 0010 01       		.byte	0x1
 293 0011 A9010000 		.4byte	.LASF21
 294 0015 A5000000 		.4byte	.LASF22
 295 0019 00000000 		.4byte	0x0
 296 001d 00000000 		.4byte	0x0
 297 0021 00000000 		.4byte	.Ldebug_ranges0+0x0
 298 0025 00000000 		.4byte	.Ldebug_line0
 299 0029 02       		.uleb128 0x2
 300 002a 01       		.byte	0x1
 301 002b 06       		.byte	0x6
 302 002c 4B010000 		.4byte	.LASF0
 303 0030 02       		.uleb128 0x2
 304 0031 01       		.byte	0x1
 305 0032 08       		.byte	0x8
 306 0033 01010000 		.4byte	.LASF1
 307 0037 02       		.uleb128 0x2
 308 0038 02       		.byte	0x2
 309 0039 05       		.byte	0x5
 310 003a 84010000 		.4byte	.LASF2
 311 003e 02       		.uleb128 0x2
 312 003f 02       		.byte	0x2
 313 0040 07       		.byte	0x7
 314 0041 38010000 		.4byte	.LASF3
 315 0045 02       		.uleb128 0x2
 316 0046 04       		.byte	0x4
 317 0047 05       		.byte	0x5
 318 0048 28010000 		.4byte	.LASF4
 319 004c 02       		.uleb128 0x2
 320 004d 04       		.byte	0x4
 321 004e 07       		.byte	0x7
 322 004f 49000000 		.4byte	.LASF5
 323 0053 02       		.uleb128 0x2
 324 0054 08       		.byte	0x8
 325 0055 05       		.byte	0x5
 326 0056 00000000 		.4byte	.LASF6
ARM GAS  C:\Users\yguan5\AppData\Local\Temp\ccKqGE5k.s 			page 12


 327 005a 02       		.uleb128 0x2
 328 005b 08       		.byte	0x8
 329 005c 07       		.byte	0x7
 330 005d 5B000000 		.4byte	.LASF7
 331 0061 03       		.uleb128 0x3
 332 0062 04       		.byte	0x4
 333 0063 05       		.byte	0x5
 334 0064 696E7400 		.ascii	"int\000"
 335 0068 02       		.uleb128 0x2
 336 0069 04       		.byte	0x4
 337 006a 07       		.byte	0x7
 338 006b 1A000000 		.4byte	.LASF8
 339 006f 04       		.uleb128 0x4
 340 0070 43000000 		.4byte	.LASF14
 341 0074 03       		.byte	0x3
 342 0075 4C       		.byte	0x4c
 343 0076 30000000 		.4byte	0x30
 344 007a 02       		.uleb128 0x2
 345 007b 04       		.byte	0x4
 346 007c 04       		.byte	0x4
 347 007d 6A010000 		.4byte	.LASF9
 348 0081 02       		.uleb128 0x2
 349 0082 08       		.byte	0x8
 350 0083 04       		.byte	0x4
 351 0084 31010000 		.4byte	.LASF10
 352 0088 02       		.uleb128 0x2
 353 0089 01       		.byte	0x1
 354 008a 08       		.byte	0x8
 355 008b 23010000 		.4byte	.LASF11
 356 008f 05       		.uleb128 0x5
 357 0090 04       		.byte	0x4
 358 0091 07       		.byte	0x7
 359 0092 06       		.uleb128 0x6
 360 0093 27000000 		.4byte	.LASF23
 361 0097 02       		.byte	0x2
 362 0098 02       		.byte	0x2
 363 0099 85       		.byte	0x85
 364 009a BB000000 		.4byte	0xbb
 365 009e 07       		.uleb128 0x7
 366 009f 0E000000 		.4byte	.LASF12
 367 00a3 02       		.byte	0x2
 368 00a4 86       		.byte	0x86
 369 00a5 6F000000 		.4byte	0x6f
 370 00a9 02       		.byte	0x2
 371 00aa 23       		.byte	0x23
 372 00ab 00       		.uleb128 0x0
 373 00ac 07       		.uleb128 0x7
 374 00ad D4010000 		.4byte	.LASF13
 375 00b1 02       		.byte	0x2
 376 00b2 8E       		.byte	0x8e
 377 00b3 6F000000 		.4byte	0x6f
 378 00b7 02       		.byte	0x2
 379 00b8 23       		.byte	0x23
 380 00b9 01       		.uleb128 0x1
 381 00ba 00       		.byte	0x0
 382 00bb 04       		.uleb128 0x4
 383 00bc 8E010000 		.4byte	.LASF15
ARM GAS  C:\Users\yguan5\AppData\Local\Temp\ccKqGE5k.s 			page 13


 384 00c0 02       		.byte	0x2
 385 00c1 8F       		.byte	0x8f
 386 00c2 92000000 		.4byte	0x92
 387 00c6 08       		.uleb128 0x8
 388 00c7 01       		.byte	0x1
 389 00c8 8D000000 		.4byte	.LASF16
 390 00cc 01       		.byte	0x1
 391 00cd 33       		.byte	0x33
 392 00ce 01       		.byte	0x1
 393 00cf 00000000 		.4byte	.LFB0
 394 00d3 20000000 		.4byte	.LFE0
 395 00d7 00000000 		.4byte	.LLST0
 396 00db 08       		.uleb128 0x8
 397 00dc 01       		.byte	0x1
 398 00dd 57010000 		.4byte	.LASF17
 399 00e1 01       		.byte	0x1
 400 00e2 5C       		.byte	0x5c
 401 00e3 01       		.byte	0x1
 402 00e4 00000000 		.4byte	.LFB1
 403 00e8 3E000000 		.4byte	.LFE1
 404 00ec 2B000000 		.4byte	.LLST1
 405 00f0 08       		.uleb128 0x8
 406 00f1 01       		.byte	0x1
 407 00f2 72000000 		.4byte	.LASF18
 408 00f6 01       		.byte	0x1
 409 00f7 83       		.byte	0x83
 410 00f8 01       		.byte	0x1
 411 00f9 00000000 		.4byte	.LFB2
 412 00fd 64000000 		.4byte	.LFE2
 413 0101 56000000 		.4byte	.LLST2
 414 0105 09       		.uleb128 0x9
 415 0106 01       		.byte	0x1
 416 0107 70010000 		.4byte	.LASF19
 417 010b 01       		.byte	0x1
 418 010c 2001     		.2byte	0x120
 419 010e 01       		.byte	0x1
 420 010f 00000000 		.4byte	.LFB3
 421 0113 1C000000 		.4byte	.LFE3
 422 0117 81000000 		.4byte	.LLST3
 423 011b 0A       		.uleb128 0xa
 424 011c 0F010000 		.4byte	.LASF24
 425 0120 01       		.byte	0x1
 426 0121 13       		.byte	0x13
 427 0122 BB000000 		.4byte	0xbb
 428 0126 01       		.byte	0x1
 429 0127 05       		.byte	0x5
 430 0128 03       		.byte	0x3
 431 0129 00000000 		.4byte	CapSense_CSD_backup
 432 012d 00       		.byte	0x0
 433              		.section	.debug_abbrev
 434 0000 01       		.uleb128 0x1
 435 0001 11       		.uleb128 0x11
 436 0002 01       		.byte	0x1
 437 0003 25       		.uleb128 0x25
 438 0004 0E       		.uleb128 0xe
 439 0005 13       		.uleb128 0x13
 440 0006 0B       		.uleb128 0xb
ARM GAS  C:\Users\yguan5\AppData\Local\Temp\ccKqGE5k.s 			page 14


 441 0007 03       		.uleb128 0x3
 442 0008 0E       		.uleb128 0xe
 443 0009 1B       		.uleb128 0x1b
 444 000a 0E       		.uleb128 0xe
 445 000b 11       		.uleb128 0x11
 446 000c 01       		.uleb128 0x1
 447 000d 52       		.uleb128 0x52
 448 000e 01       		.uleb128 0x1
 449 000f 55       		.uleb128 0x55
 450 0010 06       		.uleb128 0x6
 451 0011 10       		.uleb128 0x10
 452 0012 06       		.uleb128 0x6
 453 0013 00       		.byte	0x0
 454 0014 00       		.byte	0x0
 455 0015 02       		.uleb128 0x2
 456 0016 24       		.uleb128 0x24
 457 0017 00       		.byte	0x0
 458 0018 0B       		.uleb128 0xb
 459 0019 0B       		.uleb128 0xb
 460 001a 3E       		.uleb128 0x3e
 461 001b 0B       		.uleb128 0xb
 462 001c 03       		.uleb128 0x3
 463 001d 0E       		.uleb128 0xe
 464 001e 00       		.byte	0x0
 465 001f 00       		.byte	0x0
 466 0020 03       		.uleb128 0x3
 467 0021 24       		.uleb128 0x24
 468 0022 00       		.byte	0x0
 469 0023 0B       		.uleb128 0xb
 470 0024 0B       		.uleb128 0xb
 471 0025 3E       		.uleb128 0x3e
 472 0026 0B       		.uleb128 0xb
 473 0027 03       		.uleb128 0x3
 474 0028 08       		.uleb128 0x8
 475 0029 00       		.byte	0x0
 476 002a 00       		.byte	0x0
 477 002b 04       		.uleb128 0x4
 478 002c 16       		.uleb128 0x16
 479 002d 00       		.byte	0x0
 480 002e 03       		.uleb128 0x3
 481 002f 0E       		.uleb128 0xe
 482 0030 3A       		.uleb128 0x3a
 483 0031 0B       		.uleb128 0xb
 484 0032 3B       		.uleb128 0x3b
 485 0033 0B       		.uleb128 0xb
 486 0034 49       		.uleb128 0x49
 487 0035 13       		.uleb128 0x13
 488 0036 00       		.byte	0x0
 489 0037 00       		.byte	0x0
 490 0038 05       		.uleb128 0x5
 491 0039 24       		.uleb128 0x24
 492 003a 00       		.byte	0x0
 493 003b 0B       		.uleb128 0xb
 494 003c 0B       		.uleb128 0xb
 495 003d 3E       		.uleb128 0x3e
 496 003e 0B       		.uleb128 0xb
 497 003f 00       		.byte	0x0
ARM GAS  C:\Users\yguan5\AppData\Local\Temp\ccKqGE5k.s 			page 15


 498 0040 00       		.byte	0x0
 499 0041 06       		.uleb128 0x6
 500 0042 13       		.uleb128 0x13
 501 0043 01       		.byte	0x1
 502 0044 03       		.uleb128 0x3
 503 0045 0E       		.uleb128 0xe
 504 0046 0B       		.uleb128 0xb
 505 0047 0B       		.uleb128 0xb
 506 0048 3A       		.uleb128 0x3a
 507 0049 0B       		.uleb128 0xb
 508 004a 3B       		.uleb128 0x3b
 509 004b 0B       		.uleb128 0xb
 510 004c 01       		.uleb128 0x1
 511 004d 13       		.uleb128 0x13
 512 004e 00       		.byte	0x0
 513 004f 00       		.byte	0x0
 514 0050 07       		.uleb128 0x7
 515 0051 0D       		.uleb128 0xd
 516 0052 00       		.byte	0x0
 517 0053 03       		.uleb128 0x3
 518 0054 0E       		.uleb128 0xe
 519 0055 3A       		.uleb128 0x3a
 520 0056 0B       		.uleb128 0xb
 521 0057 3B       		.uleb128 0x3b
 522 0058 0B       		.uleb128 0xb
 523 0059 49       		.uleb128 0x49
 524 005a 13       		.uleb128 0x13
 525 005b 38       		.uleb128 0x38
 526 005c 0A       		.uleb128 0xa
 527 005d 00       		.byte	0x0
 528 005e 00       		.byte	0x0
 529 005f 08       		.uleb128 0x8
 530 0060 2E       		.uleb128 0x2e
 531 0061 00       		.byte	0x0
 532 0062 3F       		.uleb128 0x3f
 533 0063 0C       		.uleb128 0xc
 534 0064 03       		.uleb128 0x3
 535 0065 0E       		.uleb128 0xe
 536 0066 3A       		.uleb128 0x3a
 537 0067 0B       		.uleb128 0xb
 538 0068 3B       		.uleb128 0x3b
 539 0069 0B       		.uleb128 0xb
 540 006a 27       		.uleb128 0x27
 541 006b 0C       		.uleb128 0xc
 542 006c 11       		.uleb128 0x11
 543 006d 01       		.uleb128 0x1
 544 006e 12       		.uleb128 0x12
 545 006f 01       		.uleb128 0x1
 546 0070 40       		.uleb128 0x40
 547 0071 06       		.uleb128 0x6
 548 0072 00       		.byte	0x0
 549 0073 00       		.byte	0x0
 550 0074 09       		.uleb128 0x9
 551 0075 2E       		.uleb128 0x2e
 552 0076 00       		.byte	0x0
 553 0077 3F       		.uleb128 0x3f
 554 0078 0C       		.uleb128 0xc
ARM GAS  C:\Users\yguan5\AppData\Local\Temp\ccKqGE5k.s 			page 16


 555 0079 03       		.uleb128 0x3
 556 007a 0E       		.uleb128 0xe
 557 007b 3A       		.uleb128 0x3a
 558 007c 0B       		.uleb128 0xb
 559 007d 3B       		.uleb128 0x3b
 560 007e 05       		.uleb128 0x5
 561 007f 27       		.uleb128 0x27
 562 0080 0C       		.uleb128 0xc
 563 0081 11       		.uleb128 0x11
 564 0082 01       		.uleb128 0x1
 565 0083 12       		.uleb128 0x12
 566 0084 01       		.uleb128 0x1
 567 0085 40       		.uleb128 0x40
 568 0086 06       		.uleb128 0x6
 569 0087 00       		.byte	0x0
 570 0088 00       		.byte	0x0
 571 0089 0A       		.uleb128 0xa
 572 008a 34       		.uleb128 0x34
 573 008b 00       		.byte	0x0
 574 008c 03       		.uleb128 0x3
 575 008d 0E       		.uleb128 0xe
 576 008e 3A       		.uleb128 0x3a
 577 008f 0B       		.uleb128 0xb
 578 0090 3B       		.uleb128 0x3b
 579 0091 0B       		.uleb128 0xb
 580 0092 49       		.uleb128 0x49
 581 0093 13       		.uleb128 0x13
 582 0094 3F       		.uleb128 0x3f
 583 0095 0C       		.uleb128 0xc
 584 0096 02       		.uleb128 0x2
 585 0097 0A       		.uleb128 0xa
 586 0098 00       		.byte	0x0
 587 0099 00       		.byte	0x0
 588 009a 00       		.byte	0x0
 589              		.section	.debug_pubnames,"",%progbits
 590 0000 90000000 		.4byte	0x90
 591 0004 0200     		.2byte	0x2
 592 0006 00000000 		.4byte	.Ldebug_info0
 593 000a 2E010000 		.4byte	0x12e
 594 000e C6000000 		.4byte	0xc6
 595 0012 43617053 		.ascii	"CapSense_CSD_SaveConfig\000"
 595      656E7365 
 595      5F435344 
 595      5F536176 
 595      65436F6E 
 596 002a DB000000 		.4byte	0xdb
 597 002e 43617053 		.ascii	"CapSense_CSD_Sleep\000"
 597      656E7365 
 597      5F435344 
 597      5F536C65 
 597      657000
 598 0041 F0000000 		.4byte	0xf0
 599 0045 43617053 		.ascii	"CapSense_CSD_RestoreConfig\000"
 599      656E7365 
 599      5F435344 
 599      5F526573 
 599      746F7265 
ARM GAS  C:\Users\yguan5\AppData\Local\Temp\ccKqGE5k.s 			page 17


 600 0060 05010000 		.4byte	0x105
 601 0064 43617053 		.ascii	"CapSense_CSD_Wakeup\000"
 601      656E7365 
 601      5F435344 
 601      5F57616B 
 601      65757000 
 602 0078 1B010000 		.4byte	0x11b
 603 007c 43617053 		.ascii	"CapSense_CSD_backup\000"
 603      656E7365 
 603      5F435344 
 603      5F626163 
 603      6B757000 
 604 0090 00000000 		.4byte	0x0
 605              		.section	.debug_aranges,"",%progbits
 606 0000 34000000 		.4byte	0x34
 607 0004 0200     		.2byte	0x2
 608 0006 00000000 		.4byte	.Ldebug_info0
 609 000a 04       		.byte	0x4
 610 000b 00       		.byte	0x0
 611 000c 0000     		.2byte	0x0
 612 000e 0000     		.2byte	0x0
 613 0010 00000000 		.4byte	.LFB0
 614 0014 20000000 		.4byte	.LFE0-.LFB0
 615 0018 00000000 		.4byte	.LFB1
 616 001c 3E000000 		.4byte	.LFE1-.LFB1
 617 0020 00000000 		.4byte	.LFB2
 618 0024 64000000 		.4byte	.LFE2-.LFB2
 619 0028 00000000 		.4byte	.LFB3
 620 002c 1C000000 		.4byte	.LFE3-.LFB3
 621 0030 00000000 		.4byte	0x0
 622 0034 00000000 		.4byte	0x0
 623              		.section	.debug_ranges,"",%progbits
 624              	.Ldebug_ranges0:
 625 0000 00000000 		.4byte	.Ltext0
 626 0004 00000000 		.4byte	.Letext0
 627 0008 00000000 		.4byte	.LFB0
 628 000c 20000000 		.4byte	.LFE0
 629 0010 00000000 		.4byte	.LFB1
 630 0014 3E000000 		.4byte	.LFE1
 631 0018 00000000 		.4byte	.LFB2
 632 001c 64000000 		.4byte	.LFE2
 633 0020 00000000 		.4byte	.LFB3
 634 0024 1C000000 		.4byte	.LFE3
 635 0028 00000000 		.4byte	0x0
 636 002c 00000000 		.4byte	0x0
 637              		.section	.debug_str,"MS",%progbits,1
 638              	.LASF6:
 639 0000 6C6F6E67 		.ascii	"long long int\000"
 639      206C6F6E 
 639      6720696E 
 639      7400
 640              	.LASF12:
 641 000e 656E6162 		.ascii	"enableState\000"
 641      6C655374 
 641      61746500 
 642              	.LASF8:
 643 001a 756E7369 		.ascii	"unsigned int\000"
ARM GAS  C:\Users\yguan5\AppData\Local\Temp\ccKqGE5k.s 			page 18


 643      676E6564 
 643      20696E74 
 643      00
 644              	.LASF23:
 645 0027 5F436170 		.ascii	"_CapSense_CSD_BACKUP_STRUCT\000"
 645      53656E73 
 645      655F4353 
 645      445F4241 
 645      434B5550 
 646              	.LASF14:
 647 0043 75696E74 		.ascii	"uint8\000"
 647      3800
 648              	.LASF5:
 649 0049 6C6F6E67 		.ascii	"long unsigned int\000"
 649      20756E73 
 649      69676E65 
 649      6420696E 
 649      7400
 650              	.LASF7:
 651 005b 6C6F6E67 		.ascii	"long long unsigned int\000"
 651      206C6F6E 
 651      6720756E 
 651      7369676E 
 651      65642069 
 652              	.LASF18:
 653 0072 43617053 		.ascii	"CapSense_CSD_RestoreConfig\000"
 653      656E7365 
 653      5F435344 
 653      5F526573 
 653      746F7265 
 654              	.LASF16:
 655 008d 43617053 		.ascii	"CapSense_CSD_SaveConfig\000"
 655      656E7365 
 655      5F435344 
 655      5F536176 
 655      65436F6E 
 656              	.LASF22:
 657 00a5 433A5C55 		.ascii	"C:\\Users\\yguan5\\Documents\\0LabProject_NeedTesti"
 657      73657273 
 657      5C796775 
 657      616E355C 
 657      446F6375 
 658 00d4 6E675C4C 		.ascii	"ng\\Lab_Project\\Lab_Project.cydsn\000"
 658      61625F50 
 658      726F6A65 
 658      63745C4C 
 658      61625F50 
 659              	.LASF20:
 660 00f5 474E5520 		.ascii	"GNU C 4.4.1\000"
 660      4320342E 
 660      342E3100 
 661              	.LASF1:
 662 0101 756E7369 		.ascii	"unsigned char\000"
 662      676E6564 
 662      20636861 
 662      7200
 663              	.LASF24:
ARM GAS  C:\Users\yguan5\AppData\Local\Temp\ccKqGE5k.s 			page 19


 664 010f 43617053 		.ascii	"CapSense_CSD_backup\000"
 664      656E7365 
 664      5F435344 
 664      5F626163 
 664      6B757000 
 665              	.LASF11:
 666 0123 63686172 		.ascii	"char\000"
 666      00
 667              	.LASF4:
 668 0128 6C6F6E67 		.ascii	"long int\000"
 668      20696E74 
 668      00
 669              	.LASF10:
 670 0131 646F7562 		.ascii	"double\000"
 670      6C6500
 671              	.LASF3:
 672 0138 73686F72 		.ascii	"short unsigned int\000"
 672      7420756E 
 672      7369676E 
 672      65642069 
 672      6E7400
 673              	.LASF0:
 674 014b 7369676E 		.ascii	"signed char\000"
 674      65642063 
 674      68617200 
 675              	.LASF17:
 676 0157 43617053 		.ascii	"CapSense_CSD_Sleep\000"
 676      656E7365 
 676      5F435344 
 676      5F536C65 
 676      657000
 677              	.LASF9:
 678 016a 666C6F61 		.ascii	"float\000"
 678      7400
 679              	.LASF19:
 680 0170 43617053 		.ascii	"CapSense_CSD_Wakeup\000"
 680      656E7365 
 680      5F435344 
 680      5F57616B 
 680      65757000 
 681              	.LASF2:
 682 0184 73686F72 		.ascii	"short int\000"
 682      7420696E 
 682      7400
 683              	.LASF15:
 684 018e 43617053 		.ascii	"CapSense_CSD_BACKUP_STRUCT\000"
 684      656E7365 
 684      5F435344 
 684      5F424143 
 684      4B55505F 
 685              	.LASF21:
 686 01a9 2E5C4765 		.ascii	".\\Generated_Source\\PSoC5\\CapSense_CSD_PM.c\000"
 686      6E657261 
 686      7465645F 
 686      536F7572 
 686      63655C50 
 687              	.LASF13:
ARM GAS  C:\Users\yguan5\AppData\Local\Temp\ccKqGE5k.s 			page 20


 688 01d4 6374726C 		.ascii	"ctrlreg\000"
 688      72656700 
 689              		.ident	"GCC: (Sourcery G++ Lite 2010q1-188) 4.4.1"
