--------------- Rebuild Started: 06/06/2013 16:14:14 Project: Lab_Project, Configuration: ARM GCC 4.4.1 Debug ---------------
Deleting file ".\Lab_Project.cycdx"
Deleting file ".\Lab_Project.svd"
Deleting file ".\Lab_Project.rpt"
Deleting file ".\Lab_Project_timing.html"
cydsfit.exe "-.appdatapath" "C:\Users\yguan5\AppData\Local\Cypress Semiconductor\PSoC Creator\2.2" "-.fdsnotice" "-.fdswarpdepfile=warp_dependencies.txt" "-.fdselabdepfile=elab_dependencies.txt" "-.fdsbldfile=generated_files.txt" "-p" "C:\Users\yguan5\Documents\2LabProject_Almost\Lab_Project\Lab_Project.cydsn\Lab_Project.cyprj" "-d" "CY8C5868AXI-LP035" "-s" "C:\Users\yguan5\Documents\2LabProject_Almost\Lab_Project\Lab_Project.cydsn\Generated_Source\PSoC5" "--" "-yv2" "-v3" "-ygs" "-q10" "-o2" "-.fftcfgtype=LE"
Elaborating Design...
HDL Generation ...
Synthesis ...
Place and Route ...
Tech mapping ...
Info: mpr.M0037: Unused pieces of the design have been optimized out. See the Tech mapping section of the report file for details. (App=cydsfit)
Analog Placement ...
Log: apr.M0058: The analog placement iterative improvement is 51% done. (App=cydsfit)
Log: apr.M0058: The analog placement iterative improvement is 65% done. (App=cydsfit)
Log: apr.M0058: The analog placement iterative improvement is 100% done. (App=cydsfit)
Analog Routing ...
Analog Code Generation ...
Digital Placement ...
Info: plm.M0039: The pin named SER_Blue(0) at location P3[0] prevents usage of the high current (2mA) feature of an IDAC. (App=cydsfit)
Info: plm.M0039: The pin named Latch_Blue(0) at location P3[1] prevents usage of the high current (2mA) feature of an IDAC. (App=cydsfit)
Digital Routing ...
Bitstream Generation ...
Static timing analysis ...
API Generation ...
Dependency Generation ...
Clean Temporary Files ...
arm-none-eabi-gcc.exe -I. -Wno-main -I./Generated_Source/PSoC5 -mcpu=cortex-m3 -mthumb -Wall -g -D DEBUG -Wa,-alh=.\CortexM3\ARM_GCC_441\Debug\main.lst -ffunction-sections -c .\main.c -o .\CortexM3\ARM_GCC_441\Debug\main.o
arm-none-eabi-gcc.exe -I. -Wno-main -I./Generated_Source/PSoC5 -mcpu=cortex-m3 -mthumb -Wall -g -D DEBUG -Wa,-alh=.\CortexM3\ARM_GCC_441\Debug\Control_Reg.lst -ffunction-sections -c .\Generated_Source\PSoC5\Control_Reg.c -o .\CortexM3\ARM_GCC_441\Debug\Control_Reg.o
arm-none-eabi-gcc.exe -I. -Wno-main -I./Generated_Source/PSoC5 -mcpu=cortex-m3 -mthumb -Wall -g -D DEBUG -Wa,-alh=.\CortexM3\ARM_GCC_441\Debug\SRCLK.lst -ffunction-sections -c .\Generated_Source\PSoC5\SRCLK.c -o .\CortexM3\ARM_GCC_441\Debug\SRCLK.o
arm-none-eabi-gcc.exe -I. -Wno-main -I./Generated_Source/PSoC5 -mcpu=cortex-m3 -mthumb -Wall -g -D DEBUG -Wa,-alh=.\CortexM3\ARM_GCC_441\Debug\Latch.lst -ffunction-sections -c .\Generated_Source\PSoC5\Latch.c -o .\CortexM3\ARM_GCC_441\Debug\Latch.o
arm-none-eabi-gcc.exe -I. -Wno-main -I./Generated_Source/PSoC5 -mcpu=cortex-m3 -mthumb -Wall -g -D DEBUG -Wa,-alh=.\CortexM3\ARM_GCC_441\Debug\OE.lst -ffunction-sections -c .\Generated_Source\PSoC5\OE.c -o .\CortexM3\ARM_GCC_441\Debug\OE.o
arm-none-eabi-gcc.exe -I. -Wno-main -I./Generated_Source/PSoC5 -mcpu=cortex-m3 -mthumb -Wall -g -D DEBUG -Wa,-alh=.\CortexM3\ARM_GCC_441\Debug\SRCLR.lst -ffunction-sections -c .\Generated_Source\PSoC5\SRCLR.c -o .\CortexM3\ARM_GCC_441\Debug\SRCLR.o
arm-none-eabi-gcc.exe -I. -Wno-main -I./Generated_Source/PSoC5 -mcpu=cortex-m3 -mthumb -Wall -g -D DEBUG -Wa,-alh=.\CortexM3\ARM_GCC_441\Debug\SER.lst -ffunction-sections -c .\Generated_Source\PSoC5\SER.c -o .\CortexM3\ARM_GCC_441\Debug\SER.o
arm-none-eabi-gcc.exe -I. -Wno-main -I./Generated_Source/PSoC5 -mcpu=cortex-m3 -mthumb -Wall -g -D DEBUG -Wa,-alh=.\CortexM3\ARM_GCC_441\Debug\Cm3Start.lst -ffunction-sections -c .\Generated_Source\PSoC5\Cm3Start.c -o .\CortexM3\ARM_GCC_441\Debug\Cm3Start.o
arm-none-eabi-gcc.exe -I. -Wno-main -I./Generated_Source/PSoC5 -mcpu=cortex-m3 -mthumb -Wall -g -D DEBUG -Wa,-alh=.\CortexM3\ARM_GCC_441\Debug\core_cm3.lst -ffunction-sections -c .\Generated_Source\PSoC5\core_cm3.c -o .\CortexM3\ARM_GCC_441\Debug\core_cm3.o
arm-none-eabi-as.exe -I. -I./Generated_Source/PSoC5 -mcpu=cortex-m3 -mthumb -g -alh=.\CortexM3\ARM_GCC_441\Debug/CyBootAsmGnu.lst -o .\CortexM3\ARM_GCC_441\Debug\CyBootAsmGnu.o .\Generated_Source\PSoC5\CyBootAsmGnu.s
arm-none-eabi-gcc.exe -I. -Wno-main -I./Generated_Source/PSoC5 -mcpu=cortex-m3 -mthumb -Wall -g -D DEBUG -Wa,-alh=.\CortexM3\ARM_GCC_441\Debug\CyDmac.lst -ffunction-sections -c .\Generated_Source\PSoC5\CyDmac.c -o .\CortexM3\ARM_GCC_441\Debug\CyDmac.o
arm-none-eabi-gcc.exe -I. -Wno-main -I./Generated_Source/PSoC5 -mcpu=cortex-m3 -mthumb -Wall -g -D DEBUG -Wa,-alh=.\CortexM3\ARM_GCC_441\Debug\CyFlash.lst -ffunction-sections -c .\Generated_Source\PSoC5\CyFlash.c -o .\CortexM3\ARM_GCC_441\Debug\CyFlash.o
arm-none-eabi-gcc.exe -I. -Wno-main -I./Generated_Source/PSoC5 -mcpu=cortex-m3 -mthumb -Wall -g -D DEBUG -Wa,-alh=.\CortexM3\ARM_GCC_441\Debug\CyLib.lst -ffunction-sections -c .\Generated_Source\PSoC5\CyLib.c -o .\CortexM3\ARM_GCC_441\Debug\CyLib.o
arm-none-eabi-gcc.exe -I. -Wno-main -I./Generated_Source/PSoC5 -mcpu=cortex-m3 -mthumb -Wall -g -D DEBUG -Wa,-alh=.\CortexM3\ARM_GCC_441\Debug\cyPm.lst -ffunction-sections -c .\Generated_Source\PSoC5\cyPm.c -o .\CortexM3\ARM_GCC_441\Debug\cyPm.o
arm-none-eabi-gcc.exe -I. -Wno-main -I./Generated_Source/PSoC5 -mcpu=cortex-m3 -mthumb -Wall -g -D DEBUG -Wa,-alh=.\CortexM3\ARM_GCC_441\Debug\CySpc.lst -ffunction-sections -c .\Generated_Source\PSoC5\CySpc.c -o .\CortexM3\ARM_GCC_441\Debug\CySpc.o
arm-none-eabi-gcc.exe -I. -Wno-main -I./Generated_Source/PSoC5 -mcpu=cortex-m3 -mthumb -Wall -g -D DEBUG -Wa,-alh=.\CortexM3\ARM_GCC_441\Debug\cyutils.lst -ffunction-sections -c .\Generated_Source\PSoC5\cyutils.c -o .\CortexM3\ARM_GCC_441\Debug\cyutils.o
arm-none-eabi-gcc.exe -I. -Wno-main -I./Generated_Source/PSoC5 -mcpu=cortex-m3 -mthumb -Wall -g -D DEBUG -Wa,-alh=.\CortexM3\ARM_GCC_441\Debug\SRCLK_Red.lst -ffunction-sections -c .\Generated_Source\PSoC5\SRCLK_Red.c -o .\CortexM3\ARM_GCC_441\Debug\SRCLK_Red.o
arm-none-eabi-gcc.exe -I. -Wno-main -I./Generated_Source/PSoC5 -mcpu=cortex-m3 -mthumb -Wall -g -D DEBUG -Wa,-alh=.\CortexM3\ARM_GCC_441\Debug\Latch_Red.lst -ffunction-sections -c .\Generated_Source\PSoC5\Latch_Red.c -o .\CortexM3\ARM_GCC_441\Debug\Latch_Red.o
arm-none-eabi-gcc.exe -I. -Wno-main -I./Generated_Source/PSoC5 -mcpu=cortex-m3 -mthumb -Wall -g -D DEBUG -Wa,-alh=.\CortexM3\ARM_GCC_441\Debug\SER_Red.lst -ffunction-sections -c .\Generated_Source\PSoC5\SER_Red.c -o .\CortexM3\ARM_GCC_441\Debug\SER_Red.o
arm-none-eabi-gcc.exe -I. -Wno-main -I./Generated_Source/PSoC5 -mcpu=cortex-m3 -mthumb -Wall -g -D DEBUG -Wa,-alh=.\CortexM3\ARM_GCC_441\Debug\Control_Reg_Red.lst -ffunction-sections -c .\Generated_Source\PSoC5\Control_Reg_Red.c -o .\CortexM3\ARM_GCC_441\Debug\Control_Reg_Red.o
arm-none-eabi-gcc.exe -I. -Wno-main -I./Generated_Source/PSoC5 -mcpu=cortex-m3 -mthumb -Wall -g -D DEBUG -Wa,-alh=.\CortexM3\ARM_GCC_441\Debug\SRCLK_Blue.lst -ffunction-sections -c .\Generated_Source\PSoC5\SRCLK_Blue.c -o .\CortexM3\ARM_GCC_441\Debug\SRCLK_Blue.o
arm-none-eabi-gcc.exe -I. -Wno-main -I./Generated_Source/PSoC5 -mcpu=cortex-m3 -mthumb -Wall -g -D DEBUG -Wa,-alh=.\CortexM3\ARM_GCC_441\Debug\Latch_Blue.lst -ffunction-sections -c .\Generated_Source\PSoC5\Latch_Blue.c -o .\CortexM3\ARM_GCC_441\Debug\Latch_Blue.o
arm-none-eabi-gcc.exe -I. -Wno-main -I./Generated_Source/PSoC5 -mcpu=cortex-m3 -mthumb -Wall -g -D DEBUG -Wa,-alh=.\CortexM3\ARM_GCC_441\Debug\SER_Blue.lst -ffunction-sections -c .\Generated_Source\PSoC5\SER_Blue.c -o .\CortexM3\ARM_GCC_441\Debug\SER_Blue.o
arm-none-eabi-gcc.exe -I. -Wno-main -I./Generated_Source/PSoC5 -mcpu=cortex-m3 -mthumb -Wall -g -D DEBUG -Wa,-alh=.\CortexM3\ARM_GCC_441\Debug\Control_Reg_Blue.lst -ffunction-sections -c .\Generated_Source\PSoC5\Control_Reg_Blue.c -o .\CortexM3\ARM_GCC_441\Debug\Control_Reg_Blue.o
arm-none-eabi-gcc.exe -I. -Wno-main -I./Generated_Source/PSoC5 -mcpu=cortex-m3 -mthumb -Wall -g -D DEBUG -Wa,-alh=.\CortexM3\ARM_GCC_441\Debug\isr_sleep.lst -ffunction-sections -c .\Generated_Source\PSoC5\isr_sleep.c -o .\CortexM3\ARM_GCC_441\Debug\isr_sleep.o
arm-none-eabi-gcc.exe -I. -Wno-main -I./Generated_Source/PSoC5 -mcpu=cortex-m3 -mthumb -Wall -g -D DEBUG -Wa,-alh=.\CortexM3\ARM_GCC_441\Debug\SleepTimer.lst -ffunction-sections -c .\Generated_Source\PSoC5\SleepTimer.c -o .\CortexM3\ARM_GCC_441\Debug\SleepTimer.o
arm-none-eabi-gcc.exe -I. -Wno-main -I./Generated_Source/PSoC5 -mcpu=cortex-m3 -mthumb -Wall -g -D DEBUG -Wa,-alh=.\CortexM3\ARM_GCC_441\Debug\isr_flash.lst -ffunction-sections -c .\Generated_Source\PSoC5\isr_flash.c -o .\CortexM3\ARM_GCC_441\Debug\isr_flash.o
arm-none-eabi-gcc.exe -I. -Wno-main -I./Generated_Source/PSoC5 -mcpu=cortex-m3 -mthumb -Wall -g -D DEBUG -Wa,-alh=.\CortexM3\ARM_GCC_441\Debug\Timer.lst -ffunction-sections -c .\Generated_Source\PSoC5\Timer.c -o .\CortexM3\ARM_GCC_441\Debug\Timer.o
arm-none-eabi-gcc.exe -I. -Wno-main -I./Generated_Source/PSoC5 -mcpu=cortex-m3 -mthumb -Wall -g -D DEBUG -Wa,-alh=.\CortexM3\ARM_GCC_441\Debug\Timer_PM.lst -ffunction-sections -c .\Generated_Source\PSoC5\Timer_PM.c -o .\CortexM3\ARM_GCC_441\Debug\Timer_PM.o
arm-none-eabi-gcc.exe -I. -Wno-main -I./Generated_Source/PSoC5 -mcpu=cortex-m3 -mthumb -Wall -g -D DEBUG -Wa,-alh=.\CortexM3\ARM_GCC_441\Debug\CapSense_CSD.lst -ffunction-sections -c .\Generated_Source\PSoC5\CapSense_CSD.c -o .\CortexM3\ARM_GCC_441\Debug\CapSense_CSD.o
arm-none-eabi-gcc.exe -I. -Wno-main -I./Generated_Source/PSoC5 -mcpu=cortex-m3 -mthumb -Wall -g -D DEBUG -Wa,-alh=.\CortexM3\ARM_GCC_441\Debug\CapSense_CSD_CSHL.lst -ffunction-sections -c .\Generated_Source\PSoC5\CapSense_CSD_CSHL.c -o .\CortexM3\ARM_GCC_441\Debug\CapSense_CSD_CSHL.o
arm-none-eabi-gcc.exe -I. -Wno-main -I./Generated_Source/PSoC5 -mcpu=cortex-m3 -mthumb -Wall -g -D DEBUG -Wa,-alh=.\CortexM3\ARM_GCC_441\Debug\CapSense_CSD_INT.lst -ffunction-sections -c .\Generated_Source\PSoC5\CapSense_CSD_INT.c -o .\CortexM3\ARM_GCC_441\Debug\CapSense_CSD_INT.o
arm-none-eabi-gcc.exe -I. -Wno-main -I./Generated_Source/PSoC5 -mcpu=cortex-m3 -mthumb -Wall -g -D DEBUG -Wa,-alh=.\CortexM3\ARM_GCC_441\Debug\CapSense_CSD_Pins.lst -ffunction-sections -c .\Generated_Source\PSoC5\CapSense_CSD_Pins.c -o .\CortexM3\ARM_GCC_441\Debug\CapSense_CSD_Pins.o
arm-none-eabi-gcc.exe -I. -Wno-main -I./Generated_Source/PSoC5 -mcpu=cortex-m3 -mthumb -Wall -g -D DEBUG -Wa,-alh=.\CortexM3\ARM_GCC_441\Debug\CapSense_CSD_PM.lst -ffunction-sections -c .\Generated_Source\PSoC5\CapSense_CSD_PM.c -o .\CortexM3\ARM_GCC_441\Debug\CapSense_CSD_PM.o
arm-none-eabi-gcc.exe -I. -Wno-main -I./Generated_Source/PSoC5 -mcpu=cortex-m3 -mthumb -Wall -g -D DEBUG -Wa,-alh=.\CortexM3\ARM_GCC_441\Debug\CapSense_CSD_SMS_Wrapper.lst -ffunction-sections -c .\Generated_Source\PSoC5\CapSense_CSD_SMS_Wrapper.c -o .\CortexM3\ARM_GCC_441\Debug\CapSense_CSD_SMS_Wrapper.o
arm-none-eabi-gcc.exe -I. -Wno-main -I./Generated_Source/PSoC5 -mcpu=cortex-m3 -mthumb -Wall -g -D DEBUG -Wa,-alh=.\CortexM3\ARM_GCC_441\Debug\CapSense_CSD_TunerHelper.lst -ffunction-sections -c .\Generated_Source\PSoC5\CapSense_CSD_TunerHelper.c -o .\CortexM3\ARM_GCC_441\Debug\CapSense_CSD_TunerHelper.o
arm-none-eabi-gcc.exe -I. -Wno-main -I./Generated_Source/PSoC5 -mcpu=cortex-m3 -mthumb -Wall -g -D DEBUG -Wa,-alh=.\CortexM3\ARM_GCC_441\Debug\CapSense_CSD_CompCH0.lst -ffunction-sections -c .\Generated_Source\PSoC5\CapSense_CSD_CompCH0.c -o .\CortexM3\ARM_GCC_441\Debug\CapSense_CSD_CompCH0.o
arm-none-eabi-gcc.exe -I. -Wno-main -I./Generated_Source/PSoC5 -mcpu=cortex-m3 -mthumb -Wall -g -D DEBUG -Wa,-alh=.\CortexM3\ARM_GCC_441\Debug\CapSense_CSD_CompCH0_PM.lst -ffunction-sections -c .\Generated_Source\PSoC5\CapSense_CSD_CompCH0_PM.c -o .\CortexM3\ARM_GCC_441\Debug\CapSense_CSD_CompCH0_PM.o
arm-none-eabi-gcc.exe -I. -Wno-main -I./Generated_Source/PSoC5 -mcpu=cortex-m3 -mthumb -Wall -g -D DEBUG -Wa,-alh=.\CortexM3\ARM_GCC_441\Debug\CapSense_CSD_IdacCH0.lst -ffunction-sections -c .\Generated_Source\PSoC5\CapSense_CSD_IdacCH0.c -o .\CortexM3\ARM_GCC_441\Debug\CapSense_CSD_IdacCH0.o
arm-none-eabi-gcc.exe -I. -Wno-main -I./Generated_Source/PSoC5 -mcpu=cortex-m3 -mthumb -Wall -g -D DEBUG -Wa,-alh=.\CortexM3\ARM_GCC_441\Debug\CapSense_CSD_IdacCH0_PM.lst -ffunction-sections -c .\Generated_Source\PSoC5\CapSense_CSD_IdacCH0_PM.c -o .\CortexM3\ARM_GCC_441\Debug\CapSense_CSD_IdacCH0_PM.o
arm-none-eabi-gcc.exe -I. -Wno-main -I./Generated_Source/PSoC5 -mcpu=cortex-m3 -mthumb -Wall -g -D DEBUG -Wa,-alh=.\CortexM3\ARM_GCC_441\Debug\CapSense_CSD_AMuxCH0.lst -ffunction-sections -c .\Generated_Source\PSoC5\CapSense_CSD_AMuxCH0.c -o .\CortexM3\ARM_GCC_441\Debug\CapSense_CSD_AMuxCH0.o
arm-none-eabi-gcc.exe -I. -Wno-main -I./Generated_Source/PSoC5 -mcpu=cortex-m3 -mthumb -Wall -g -D DEBUG -Wa,-alh=.\CortexM3\ARM_GCC_441\Debug\CapSense_CSD_IntClock.lst -ffunction-sections -c .\Generated_Source\PSoC5\CapSense_CSD_IntClock.c -o .\CortexM3\ARM_GCC_441\Debug\CapSense_CSD_IntClock.o
arm-none-eabi-gcc.exe -I. -Wno-main -I./Generated_Source/PSoC5 -mcpu=cortex-m3 -mthumb -Wall -g -D DEBUG -Wa,-alh=.\CortexM3\ARM_GCC_441\Debug\LCD.lst -ffunction-sections -c .\Generated_Source\PSoC5\LCD.c -o .\CortexM3\ARM_GCC_441\Debug\LCD.o
arm-none-eabi-gcc.exe -I. -Wno-main -I./Generated_Source/PSoC5 -mcpu=cortex-m3 -mthumb -Wall -g -D DEBUG -Wa,-alh=.\CortexM3\ARM_GCC_441\Debug\LCD_PM.lst -ffunction-sections -c .\Generated_Source\PSoC5\LCD_PM.c -o .\CortexM3\ARM_GCC_441\Debug\LCD_PM.o
arm-none-eabi-gcc.exe -I. -Wno-main -I./Generated_Source/PSoC5 -mcpu=cortex-m3 -mthumb -Wall -g -D DEBUG -Wa,-alh=.\CortexM3\ARM_GCC_441\Debug\LCD_LCDPort.lst -ffunction-sections -c .\Generated_Source\PSoC5\LCD_LCDPort.c -o .\CortexM3\ARM_GCC_441\Debug\LCD_LCDPort.o
arm-none-eabi-gcc.exe -I. -Wno-main -I./Generated_Source/PSoC5 -mcpu=cortex-m3 -mthumb -Wall -g -D DEBUG -Wa,-alh=.\CortexM3\ARM_GCC_441\Debug\UART.lst -ffunction-sections -c .\Generated_Source\PSoC5\UART.c -o .\CortexM3\ARM_GCC_441\Debug\UART.o
arm-none-eabi-gcc.exe -I. -Wno-main -I./Generated_Source/PSoC5 -mcpu=cortex-m3 -mthumb -Wall -g -D DEBUG -Wa,-alh=.\CortexM3\ARM_GCC_441\Debug\UART_PM.lst -ffunction-sections -c .\Generated_Source\PSoC5\UART_PM.c -o .\CortexM3\ARM_GCC_441\Debug\UART_PM.o
arm-none-eabi-gcc.exe -I. -Wno-main -I./Generated_Source/PSoC5 -mcpu=cortex-m3 -mthumb -Wall -g -D DEBUG -Wa,-alh=.\CortexM3\ARM_GCC_441\Debug\UART_INT.lst -ffunction-sections -c .\Generated_Source\PSoC5\UART_INT.c -o .\CortexM3\ARM_GCC_441\Debug\UART_INT.o
arm-none-eabi-gcc.exe -I. -Wno-main -I./Generated_Source/PSoC5 -mcpu=cortex-m3 -mthumb -Wall -g -D DEBUG -Wa,-alh=.\CortexM3\ARM_GCC_441\Debug\UART_BOOT.lst -ffunction-sections -c .\Generated_Source\PSoC5\UART_BOOT.c -o .\CortexM3\ARM_GCC_441\Debug\UART_BOOT.o
arm-none-eabi-gcc.exe -I. -Wno-main -I./Generated_Source/PSoC5 -mcpu=cortex-m3 -mthumb -Wall -g -D DEBUG -Wa,-alh=.\CortexM3\ARM_GCC_441\Debug\UART_IntClock.lst -ffunction-sections -c .\Generated_Source\PSoC5\UART_IntClock.c -o .\CortexM3\ARM_GCC_441\Debug\UART_IntClock.o
arm-none-eabi-gcc.exe -I. -Wno-main -I./Generated_Source/PSoC5 -mcpu=cortex-m3 -mthumb -Wall -g -D DEBUG -Wa,-alh=.\CortexM3\ARM_GCC_441\Debug\cyfitter_cfg.lst -ffunction-sections -c .\Generated_Source\PSoC5\cyfitter_cfg.c -o .\CortexM3\ARM_GCC_441\Debug\cyfitter_cfg.o
arm-none-eabi-ar.exe -rs .\CortexM3\ARM_GCC_441\Debug\Lab_Project.a .\CortexM3\ARM_GCC_441\Debug\Control_Reg.o .\CortexM3\ARM_GCC_441\Debug\SRCLK.o .\CortexM3\ARM_GCC_441\Debug\Latch.o .\CortexM3\ARM_GCC_441\Debug\OE.o .\CortexM3\ARM_GCC_441\Debug\SRCLR.o .\CortexM3\ARM_GCC_441\Debug\SER.o .\CortexM3\ARM_GCC_441\Debug\core_cm3.o .\CortexM3\ARM_GCC_441\Debug\CyBootAsmGnu.o .\CortexM3\ARM_GCC_441\Debug\CyDmac.o .\CortexM3\ARM_GCC_441\Debug\CyFlash.o .\CortexM3\ARM_GCC_441\Debug\CyLib.o .\CortexM3\ARM_GCC_441\Debug\cyPm.o .\CortexM3\ARM_GCC_441\Debug\CySpc.o .\CortexM3\ARM_GCC_441\Debug\cyutils.o .\CortexM3\ARM_GCC_441\Debug\SRCLK_Red.o .\CortexM3\ARM_GCC_441\Debug\Latch_Red.o .\CortexM3\ARM_GCC_441\Debug\SER_Red.o .\CortexM3\ARM_GCC_441\Debug\Control_Reg_Red.o .\CortexM3\ARM_GCC_441\Debug\SRCLK_Blue.o .\CortexM3\ARM_GCC_441\Debug\Latch_Blue.o .\CortexM3\ARM_GCC_441\Debug\SER_Blue.o .\CortexM3\ARM_GCC_441\Debug\Control_Reg_Blue.o .\CortexM3\ARM_GCC_441\Debug\isr_sleep.o .\CortexM3\ARM_GCC_441\Debug\SleepTimer.o .\CortexM3\ARM_GCC_441\Debug\isr_flash.o .\CortexM3\ARM_GCC_441\Debug\Timer.o .\CortexM3\ARM_GCC_441\Debug\Timer_PM.o .\CortexM3\ARM_GCC_441\Debug\CapSense_CSD.o .\CortexM3\ARM_GCC_441\Debug\CapSense_CSD_CSHL.o .\CortexM3\ARM_GCC_441\Debug\CapSense_CSD_INT.o .\CortexM3\ARM_GCC_441\Debug\CapSense_CSD_Pins.o .\CortexM3\ARM_GCC_441\Debug\CapSense_CSD_PM.o .\CortexM3\ARM_GCC_441\Debug\CapSense_CSD_SMS_Wrapper.o .\CortexM3\ARM_GCC_441\Debug\CapSense_CSD_TunerHelper.o .\CortexM3\ARM_GCC_441\Debug\CapSense_CSD_CompCH0.o .\CortexM3\ARM_GCC_441\Debug\CapSense_CSD_CompCH0_PM.o .\CortexM3\ARM_GCC_441\Debug\CapSense_CSD_IdacCH0.o .\CortexM3\ARM_GCC_441\Debug\CapSense_CSD_IdacCH0_PM.o .\CortexM3\ARM_GCC_441\Debug\CapSense_CSD_AMuxCH0.o .\CortexM3\ARM_GCC_441\Debug\CapSense_CSD_IntClock.o .\CortexM3\ARM_GCC_441\Debug\LCD.o .\CortexM3\ARM_GCC_441\Debug\LCD_PM.o .\CortexM3\ARM_GCC_441\Debug\LCD_LCDPort.o .\CortexM3\ARM_GCC_441\Debug\UART.o .\CortexM3\ARM_GCC_441\Debug\UART_PM.o .\CortexM3\ARM_GCC_441\Debug\UART_INT.o .\CortexM3\ARM_GCC_441\Debug\UART_BOOT.o .\CortexM3\ARM_GCC_441\Debug\UART_IntClock.o .\CortexM3\ARM_GCC_441\Debug\cyfitter_cfg.o
arm-none-eabi-ar.exe: creating .\CortexM3\ARM_GCC_441\Debug\Lab_Project.a
arm-none-eabi-gcc.exe -mthumb -march=armv7-m -mfix-cortex-m3-ldrd -T .\Generated_Source\PSoC5\cm3gcc.ld -g -Wl,-Map,.\CortexM3\ARM_GCC_441\Debug\Lab_Project.map -Wl,--gc-sections -Wl,--start-group -o .\CortexM3\ARM_GCC_441\Debug\Lab_Project.elf .\CortexM3\ARM_GCC_441\Debug\main.o .\CortexM3\ARM_GCC_441\Debug\Cm3Start.o .\CortexM3\ARM_GCC_441\Debug\Lab_Project.a "C:\Program Files\Cypress\PSoC Creator\2.2\PSoC Creator\psoc\content\cycomponentlibrary\CyComponentLibrary.cylib\CortexM3\ARM_GCC_441\Debug\CyComponentLibrary.a" -Wl,--end-group
arm-none-eabi-objcopy.exe -O ihex .\CortexM3\ARM_GCC_441\Debug\Lab_Project.elf .\CortexM3\ARM_GCC_441\Debug\Lab_Project.ihx
cyhextool -o .\CortexM3\ARM_GCC_441\Debug\Lab_Project.hex -f .\CortexM3\ARM_GCC_441\Debug\Lab_Project.ihx -prot .\Generated_Source\PSoC5\protect.hex -id 2E123069 -a EEPROM=90200000:800,PROGRAM=00000000:40000,CONFIG=80000000:8000,PROTECT=90400000:100 -meta 0001 -cunv 00004005 -wonv BC90ACAF -ecc .\Generated_Source\PSoC5\config.hex
Flash used: 20408 of 262144 bytes (7.8 %).
SRAM used: 912 of 65536 bytes (1.4 %).
--------------- Rebuild Succeeded: 06/06/2013 16:15:01 ---------------
